[0.289s] Invoking command in '/home/nathan/amr_path_planning_ws/build/amr_description': CMAKE_PREFIX_PATH=${CMAKE_PREFIX_PATH}:/home/nathan/amr_path_planning_ws/install/my_amr:/home/nathan/ROS2 Controller/bumperbot_ws/install/bumperbot_py_examples:/home/nathan/path_planning_ws/install/maze_bot:/opt/ros/humble /usr/bin/cmake --build /home/nathan/amr_path_planning_ws/build/amr_description -- -j12 -l12
[0.700s] Invoked command in '/home/nathan/amr_path_planning_ws/build/amr_description' returned '0': CMAKE_PREFIX_PATH=${CMAKE_PREFIX_PATH}:/home/nathan/amr_path_planning_ws/install/my_amr:/home/nathan/ROS2 Controller/bumperbot_ws/install/bumperbot_py_examples:/home/nathan/path_planning_ws/install/maze_bot:/opt/ros/humble /usr/bin/cmake --build /home/nathan/amr_path_planning_ws/build/amr_description -- -j12 -l12
[0.721s] Invoking command in '/home/nathan/amr_path_planning_ws/build/amr_description': CMAKE_PREFIX_PATH=${CMAKE_PREFIX_PATH}:/home/nathan/amr_path_planning_ws/install/my_amr:/home/nathan/ROS2 Controller/bumperbot_ws/install/bumperbot_py_examples:/home/nathan/path_planning_ws/install/maze_bot:/opt/ros/humble /usr/bin/cmake --install /home/nathan/amr_path_planning_ws/build/amr_description
[0.726s] -- Install configuration: ""
[0.726s] -- Up-to-date: /home/nathan/amr_path_planning_ws/install/amr_description/share/amr_description/launch
[0.726s] -- Up-to-date: /home/nathan/amr_path_planning_ws/install/amr_description/share/amr_description/launch/log
[0.726s] -- Up-to-date: /home/nathan/amr_path_planning_ws/install/amr_description/share/amr_description/launch/log/build_2024-02-06_21-37-29
[0.727s] -- Up-to-date: /home/nathan/amr_path_planning_ws/install/amr_description/share/amr_description/launch/log/build_2024-02-06_21-37-29/events.log
[0.727s] -- Up-to-date: /home/nathan/amr_path_planning_ws/install/amr_description/share/amr_description/launch/log/build_2024-02-06_21-37-29/logger_all.log
[0.727s] -- Up-to-date: /home/nathan/amr_path_planning_ws/install/amr_description/share/amr_description/launch/log/latest
[0.727s] -- Up-to-date: /home/nathan/amr_path_planning_ws/install/amr_description/share/amr_description/launch/log/latest_build
[0.727s] -- Up-to-date: /home/nathan/amr_path_planning_ws/install/amr_description/share/amr_description/launch/log/COLCON_IGNORE
[0.727s] -- Up-to-date: /home/nathan/amr_path_planning_ws/install/amr_description/share/amr_description/launch/__pycache__
[0.727s] -- Up-to-date: /home/nathan/amr_path_planning_ws/install/amr_description/share/amr_description/launch/__pycache__/display.launch.cpython-310.pyc
[0.727s] -- Up-to-date: /home/nathan/amr_path_planning_ws/install/amr_description/share/amr_description/launch/install
[0.727s] -- Up-to-date: /home/nathan/amr_path_planning_ws/install/amr_description/share/amr_description/launch/install/_local_setup_util_sh.py
[0.727s] -- Up-to-date: /home/nathan/amr_path_planning_ws/install/amr_description/share/amr_description/launch/install/_local_setup_util_ps1.py
[0.728s] -- Up-to-date: /home/nathan/amr_path_planning_ws/install/amr_description/share/amr_description/launch/install/local_setup.bash
[0.728s] -- Up-to-date: /home/nathan/amr_path_planning_ws/install/amr_description/share/amr_description/launch/install/setup.bash
[0.728s] -- Up-to-date: /home/nathan/amr_path_planning_ws/install/amr_description/share/amr_description/launch/install/setup.zsh
[0.728s] -- Up-to-date: /home/nathan/amr_path_planning_ws/install/amr_description/share/amr_description/launch/install/local_setup.ps1
[0.728s] -- Up-to-date: /home/nathan/amr_path_planning_ws/install/amr_description/share/amr_description/launch/install/local_setup.sh
[0.728s] -- Up-to-date: /home/nathan/amr_path_planning_ws/install/amr_description/share/amr_description/launch/install/local_setup.zsh
[0.729s] -- Up-to-date: /home/nathan/amr_path_planning_ws/install/amr_description/share/amr_description/launch/install/setup.ps1
[0.729s] -- Up-to-date: /home/nathan/amr_path_planning_ws/install/amr_description/share/amr_description/launch/install/.colcon_install_layout
[0.729s] -- Up-to-date: /home/nathan/amr_path_planning_ws/install/amr_description/share/amr_description/launch/install/setup.sh
[0.729s] -- Up-to-date: /home/nathan/amr_path_planning_ws/install/amr_description/share/amr_description/launch/install/COLCON_IGNORE
[0.729s] -- Up-to-date: /home/nathan/amr_path_planning_ws/install/amr_description/share/amr_description/launch/build
[0.729s] -- Up-to-date: /home/nathan/amr_path_planning_ws/install/amr_description/share/amr_description/launch/build/COLCON_IGNORE
[0.729s] -- Up-to-date: /home/nathan/amr_path_planning_ws/install/amr_description/share/amr_description/launch/build/.built_by
[0.729s] -- Up-to-date: /home/nathan/amr_path_planning_ws/install/amr_description/share/amr_description/launch/gazebo.launch.py
[0.729s] -- Up-to-date: /home/nathan/amr_path_planning_ws/install/amr_description/share/amr_description/launch/display.launch.py
[0.729s] -- Up-to-date: /home/nathan/amr_path_planning_ws/install/amr_description/share/amr_description/meshes
[0.730s] -- Up-to-date: /home/nathan/amr_path_planning_ws/install/amr_description/share/amr_description/meshes/top_final.dae
[0.730s] -- Up-to-date: /home/nathan/amr_path_planning_ws/install/amr_description/share/amr_description/meshes/assem copy.stl
[0.730s] -- Up-to-date: /home/nathan/amr_path_planning_ws/install/amr_description/share/amr_description/meshes/inner_final.dae
[0.730s] -- Up-to-date: /home/nathan/amr_path_planning_ws/install/amr_description/share/amr_description/meshes/base_final.stl
[0.730s] -- Up-to-date: /home/nathan/amr_path_planning_ws/install/amr_description/share/amr_description/meshes/kinect.dae
[0.730s] -- Up-to-date: /home/nathan/amr_path_planning_ws/install/amr_description/share/amr_description/meshes/inner_final.stl
[0.730s] -- Up-to-date: /home/nathan/amr_path_planning_ws/install/amr_description/share/amr_description/meshes/top_final.stl
[0.730s] -- Up-to-date: /home/nathan/amr_path_planning_ws/install/amr_description/share/amr_description/meshes/lidar.dae
[0.730s] -- Up-to-date: /home/nathan/amr_path_planning_ws/install/amr_description/share/amr_description/meshes/shaft_final.stl
[0.730s] -- Up-to-date: /home/nathan/amr_path_planning_ws/install/amr_description/share/amr_description/meshes/top_plate_final.stl
[0.730s] -- Up-to-date: /home/nathan/amr_path_planning_ws/install/amr_description/share/amr_description/meshes/lidar.stl
[0.730s] -- Up-to-date: /home/nathan/amr_path_planning_ws/install/amr_description/share/amr_description/meshes/shaft_final.dae
[0.730s] -- Up-to-date: /home/nathan/amr_path_planning_ws/install/amr_description/share/amr_description/meshes/assem.stl
[0.731s] -- Up-to-date: /home/nathan/amr_path_planning_ws/install/amr_description/share/amr_description/meshes/Base_final.dae
[0.731s] -- Up-to-date: /home/nathan/amr_path_planning_ws/install/amr_description/share/amr_description/meshes/Base_final.stl
[0.731s] -- Up-to-date: /home/nathan/amr_path_planning_ws/install/amr_description/share/amr_description/meshes/outer_final.stl
[0.731s] -- Up-to-date: /home/nathan/amr_path_planning_ws/install/amr_description/share/amr_description/meshes/kinect.stl
[0.731s] -- Up-to-date: /home/nathan/amr_path_planning_ws/install/amr_description/share/amr_description/meshes/top_plate_final.dae
[0.731s] -- Up-to-date: /home/nathan/amr_path_planning_ws/install/amr_description/share/amr_description/meshes/outer_final.dae
[0.731s] -- Up-to-date: /home/nathan/amr_path_planning_ws/install/amr_description/share/amr_description/urdf
[0.731s] -- Up-to-date: /home/nathan/amr_path_planning_ws/install/amr_description/share/amr_description/urdf/amr_gazebo.xacro
[0.731s] -- Up-to-date: /home/nathan/amr_path_planning_ws/install/amr_description/share/amr_description/urdf/amr_ros2_control.xacro
[0.731s] -- Up-to-date: /home/nathan/amr_path_planning_ws/install/amr_description/share/amr_description/urdf/amr.urdf.xacro
[0.731s] -- Up-to-date: /home/nathan/amr_path_planning_ws/install/amr_description/share/amr_description/rviz
[0.731s] -- Up-to-date: /home/nathan/amr_path_planning_ws/install/amr_description/share/amr_description/rviz/display.rviz
[0.731s] -- Up-to-date: /home/nathan/amr_path_planning_ws/install/amr_description/share/ament_index/resource_index/package_run_dependencies/amr_description
[0.732s] -- Up-to-date: /home/nathan/amr_path_planning_ws/install/amr_description/share/ament_index/resource_index/parent_prefix_path/amr_description
[0.732s] -- Up-to-date: /home/nathan/amr_path_planning_ws/install/amr_description/share/amr_description/environment/ament_prefix_path.sh
[0.732s] -- Up-to-date: /home/nathan/amr_path_planning_ws/install/amr_description/share/amr_description/environment/ament_prefix_path.dsv
[0.732s] -- Up-to-date: /home/nathan/amr_path_planning_ws/install/amr_description/share/amr_description/environment/path.sh
[0.732s] -- Up-to-date: /home/nathan/amr_path_planning_ws/install/amr_description/share/amr_description/environment/path.dsv
[0.732s] -- Up-to-date: /home/nathan/amr_path_planning_ws/install/amr_description/share/amr_description/local_setup.bash
[0.732s] -- Up-to-date: /home/nathan/amr_path_planning_ws/install/amr_description/share/amr_description/local_setup.sh
[0.732s] -- Up-to-date: /home/nathan/amr_path_planning_ws/install/amr_description/share/amr_description/local_setup.zsh
[0.732s] -- Up-to-date: /home/nathan/amr_path_planning_ws/install/amr_description/share/amr_description/local_setup.dsv
[0.732s] -- Installing: /home/nathan/amr_path_planning_ws/install/amr_description/share/amr_description/package.dsv
[0.733s] -- Up-to-date: /home/nathan/amr_path_planning_ws/install/amr_description/share/ament_index/resource_index/packages/amr_description
[0.733s] -- Up-to-date: /home/nathan/amr_path_planning_ws/install/amr_description/share/amr_description/cmake/amr_descriptionConfig.cmake
[0.733s] -- Up-to-date: /home/nathan/amr_path_planning_ws/install/amr_description/share/amr_description/cmake/amr_descriptionConfig-version.cmake
[0.733s] -- Up-to-date: /home/nathan/amr_path_planning_ws/install/amr_description/share/amr_description/package.xml
[0.735s] Invoked command in '/home/nathan/amr_path_planning_ws/build/amr_description' returned '0': CMAKE_PREFIX_PATH=${CMAKE_PREFIX_PATH}:/home/nathan/amr_path_planning_ws/install/my_amr:/home/nathan/ROS2 Controller/bumperbot_ws/install/bumperbot_py_examples:/home/nathan/path_planning_ws/install/maze_bot:/opt/ros/humble /usr/bin/cmake --install /home/nathan/amr_path_planning_ws/build/amr_description
