[1.001s] DEBUG:colcon:Command line arguments: ['/usr/bin/colcon', 'build']
[1.002s] DEBUG:colcon:Parsed command line arguments: Namespace(log_base=None, log_level=None, verb_name='build', build_base='build', install_base='install', merge_install=False, symlink_install=False, test_result_base=None, continue_on_error=False, executor='parallel', parallel_workers=12, event_handlers=None, ignore_user_meta=False, metas=['./colcon.meta'], base_paths=['.'], packages_ignore=None, packages_ignore_regex=None, paths=None, packages_up_to=None, packages_up_to_regex=None, packages_above=None, packages_above_and_dependencies=None, packages_above_depth=None, packages_select_by_dep=None, packages_skip_by_dep=None, packages_skip_up_to=None, packages_select_build_failed=False, packages_skip_build_finished=False, packages_select_test_failures=False, packages_skip_test_passed=False, packages_select=None, packages_skip=None, packages_select_regex=None, packages_skip_regex=None, packages_start=None, packages_end=None, allow_overriding=[], cmake_args=None, cmake_target=None, cmake_target_skip_unavailable=False, cmake_clean_cache=False, cmake_clean_first=False, cmake_force_configure=False, ament_cmake_args=None, catkin_cmake_args=None, catkin_skip_building_tests=False, verb_parser=<colcon_defaults.argument_parser.defaults.DefaultArgumentsDecorator object at 0x7f7a3da5ca60>, verb_extension=<colcon_core.verb.build.BuildVerb object at 0x7f7a3dd21960>, main=<bound method BuildVerb.main of <colcon_core.verb.build.BuildVerb object at 0x7f7a3dd21960>>)
[1.057s] Level 1:colcon.colcon_core.package_discovery:discover_packages(colcon_meta) check parameters
[1.057s] Level 1:colcon.colcon_core.package_discovery:discover_packages(recursive) check parameters
[1.057s] Level 1:colcon.colcon_core.package_discovery:discover_packages(ignore) check parameters
[1.057s] Level 1:colcon.colcon_core.package_discovery:discover_packages(path) check parameters
[1.057s] Level 1:colcon.colcon_core.package_discovery:discover_packages(colcon_meta) discover
[1.057s] Level 1:colcon.colcon_core.package_discovery:discover_packages(recursive) discover
[1.057s] INFO:colcon.colcon_core.package_discovery:Crawling recursively for packages in '/home/nathan/amr_path_planning_ws'
[1.057s] Level 1:colcon.colcon_core.package_identification:_identify(.) by extensions ['ignore', 'ignore_ament_install']
[1.058s] Level 1:colcon.colcon_core.package_identification:_identify(.) by extension 'ignore'
[1.058s] Level 1:colcon.colcon_core.package_identification:_identify(.) by extension 'ignore_ament_install'
[1.058s] Level 1:colcon.colcon_core.package_identification:_identify(.) by extensions ['colcon_pkg']
[1.058s] Level 1:colcon.colcon_core.package_identification:_identify(.) by extension 'colcon_pkg'
[1.058s] Level 1:colcon.colcon_core.package_identification:_identify(.) by extensions ['colcon_meta']
[1.058s] Level 1:colcon.colcon_core.package_identification:_identify(.) by extension 'colcon_meta'
[1.058s] Level 1:colcon.colcon_core.package_identification:_identify(.) by extensions ['ros']
[1.058s] Level 1:colcon.colcon_core.package_identification:_identify(.) by extension 'ros'
[1.070s] Level 1:colcon.colcon_core.package_identification:_identify(.) by extensions ['cmake', 'python']
[1.070s] Level 1:colcon.colcon_core.package_identification:_identify(.) by extension 'cmake'
[1.070s] Level 1:colcon.colcon_core.package_identification:_identify(.) by extension 'python'
[1.070s] Level 1:colcon.colcon_core.package_identification:_identify(.) by extensions ['python_setup_py']
[1.070s] Level 1:colcon.colcon_core.package_identification:_identify(.) by extension 'python_setup_py'
[1.070s] Level 1:colcon.colcon_core.package_identification:_identify(build) by extensions ['ignore', 'ignore_ament_install']
[1.070s] Level 1:colcon.colcon_core.package_identification:_identify(build) by extension 'ignore'
[1.070s] Level 1:colcon.colcon_core.package_identification:_identify(build) ignored
[1.070s] Level 1:colcon.colcon_core.package_identification:_identify(install) by extensions ['ignore', 'ignore_ament_install']
[1.070s] Level 1:colcon.colcon_core.package_identification:_identify(install) by extension 'ignore'
[1.070s] Level 1:colcon.colcon_core.package_identification:_identify(install) ignored
[1.071s] Level 1:colcon.colcon_core.package_identification:_identify(log) by extensions ['ignore', 'ignore_ament_install']
[1.071s] Level 1:colcon.colcon_core.package_identification:_identify(log) by extension 'ignore'
[1.071s] Level 1:colcon.colcon_core.package_identification:_identify(log) ignored
[1.071s] Level 1:colcon.colcon_core.package_identification:_identify(src) by extensions ['ignore', 'ignore_ament_install']
[1.071s] Level 1:colcon.colcon_core.package_identification:_identify(src) by extension 'ignore'
[1.071s] Level 1:colcon.colcon_core.package_identification:_identify(src) by extension 'ignore_ament_install'
[1.071s] Level 1:colcon.colcon_core.package_identification:_identify(src) by extensions ['colcon_pkg']
[1.071s] Level 1:colcon.colcon_core.package_identification:_identify(src) by extension 'colcon_pkg'
[1.071s] Level 1:colcon.colcon_core.package_identification:_identify(src) by extensions ['colcon_meta']
[1.071s] Level 1:colcon.colcon_core.package_identification:_identify(src) by extension 'colcon_meta'
[1.071s] Level 1:colcon.colcon_core.package_identification:_identify(src) by extensions ['ros']
[1.071s] Level 1:colcon.colcon_core.package_identification:_identify(src) by extension 'ros'
[1.071s] Level 1:colcon.colcon_core.package_identification:_identify(src) by extensions ['cmake', 'python']
[1.071s] Level 1:colcon.colcon_core.package_identification:_identify(src) by extension 'cmake'
[1.071s] Level 1:colcon.colcon_core.package_identification:_identify(src) by extension 'python'
[1.071s] Level 1:colcon.colcon_core.package_identification:_identify(src) by extensions ['python_setup_py']
[1.071s] Level 1:colcon.colcon_core.package_identification:_identify(src) by extension 'python_setup_py'
[1.072s] Level 1:colcon.colcon_core.package_identification:_identify(src/amr_controller) by extensions ['ignore', 'ignore_ament_install']
[1.072s] Level 1:colcon.colcon_core.package_identification:_identify(src/amr_controller) by extension 'ignore'
[1.072s] Level 1:colcon.colcon_core.package_identification:_identify(src/amr_controller) by extension 'ignore_ament_install'
[1.072s] Level 1:colcon.colcon_core.package_identification:_identify(src/amr_controller) by extensions ['colcon_pkg']
[1.072s] Level 1:colcon.colcon_core.package_identification:_identify(src/amr_controller) by extension 'colcon_pkg'
[1.072s] Level 1:colcon.colcon_core.package_identification:_identify(src/amr_controller) by extensions ['colcon_meta']
[1.072s] Level 1:colcon.colcon_core.package_identification:_identify(src/amr_controller) by extension 'colcon_meta'
[1.072s] Level 1:colcon.colcon_core.package_identification:_identify(src/amr_controller) by extensions ['ros']
[1.072s] Level 1:colcon.colcon_core.package_identification:_identify(src/amr_controller) by extension 'ros'
[1.075s] DEBUG:colcon.colcon_core.package_identification:Package 'src/amr_controller' with type 'ros.ament_cmake' and name 'amr_controller'
[1.075s] Level 1:colcon.colcon_core.package_identification:_identify(src/amr_description) by extensions ['ignore', 'ignore_ament_install']
[1.075s] Level 1:colcon.colcon_core.package_identification:_identify(src/amr_description) by extension 'ignore'
[1.075s] Level 1:colcon.colcon_core.package_identification:_identify(src/amr_description) by extension 'ignore_ament_install'
[1.075s] Level 1:colcon.colcon_core.package_identification:_identify(src/amr_description) by extensions ['colcon_pkg']
[1.075s] Level 1:colcon.colcon_core.package_identification:_identify(src/amr_description) by extension 'colcon_pkg'
[1.075s] Level 1:colcon.colcon_core.package_identification:_identify(src/amr_description) by extensions ['colcon_meta']
[1.075s] Level 1:colcon.colcon_core.package_identification:_identify(src/amr_description) by extension 'colcon_meta'
[1.075s] Level 1:colcon.colcon_core.package_identification:_identify(src/amr_description) by extensions ['ros']
[1.075s] Level 1:colcon.colcon_core.package_identification:_identify(src/amr_description) by extension 'ros'
[1.076s] DEBUG:colcon.colcon_core.package_identification:Package 'src/amr_description' with type 'ros.ament_cmake' and name 'amr_description'
[1.076s] Level 1:colcon.colcon_core.package_discovery:discover_packages(recursive) using defaults
[1.076s] Level 1:colcon.colcon_core.package_discovery:discover_packages(ignore) discover
[1.076s] Level 1:colcon.colcon_core.package_discovery:discover_packages(ignore) using defaults
[1.076s] Level 1:colcon.colcon_core.package_discovery:discover_packages(path) discover
[1.076s] Level 1:colcon.colcon_core.package_discovery:discover_packages(path) using defaults
[1.170s] Level 1:colcon.colcon_core.package_discovery:discover_packages(prefix_path) check parameters
[1.170s] Level 1:colcon.colcon_core.package_discovery:discover_packages(prefix_path) discover
[1.199s] DEBUG:colcon.colcon_installed_package_information.package_discovery:Found 2 installed packages in /home/nathan/amr_ws/install
[1.218s] DEBUG:colcon.colcon_installed_package_information.package_discovery:Found 16 installed packages in /home/nathan/path_planning_ws/install
[1.231s] DEBUG:colcon.colcon_installed_package_information.package_discovery:Found 298 installed packages in /opt/ros/humble
[1.232s] Level 1:colcon.colcon_core.package_discovery:discover_packages(prefix_path) using defaults
[1.322s] Level 5:colcon.colcon_core.verb:set package 'amr_controller' build argument 'cmake_args' from command line to 'None'
[1.322s] Level 5:colcon.colcon_core.verb:set package 'amr_controller' build argument 'cmake_target' from command line to 'None'
[1.322s] Level 5:colcon.colcon_core.verb:set package 'amr_controller' build argument 'cmake_target_skip_unavailable' from command line to 'False'
[1.322s] Level 5:colcon.colcon_core.verb:set package 'amr_controller' build argument 'cmake_clean_cache' from command line to 'False'
[1.322s] Level 5:colcon.colcon_core.verb:set package 'amr_controller' build argument 'cmake_clean_first' from command line to 'False'
[1.322s] Level 5:colcon.colcon_core.verb:set package 'amr_controller' build argument 'cmake_force_configure' from command line to 'False'
[1.322s] Level 5:colcon.colcon_core.verb:set package 'amr_controller' build argument 'ament_cmake_args' from command line to 'None'
[1.322s] Level 5:colcon.colcon_core.verb:set package 'amr_controller' build argument 'catkin_cmake_args' from command line to 'None'
[1.322s] Level 5:colcon.colcon_core.verb:set package 'amr_controller' build argument 'catkin_skip_building_tests' from command line to 'False'
[1.322s] DEBUG:colcon.colcon_core.verb:Building package 'amr_controller' with the following arguments: {'ament_cmake_args': None, 'build_base': '/home/nathan/amr_path_planning_ws/build/amr_controller', 'catkin_cmake_args': None, 'catkin_skip_building_tests': False, 'cmake_args': None, 'cmake_clean_cache': False, 'cmake_clean_first': False, 'cmake_force_configure': False, 'cmake_target': None, 'cmake_target_skip_unavailable': False, 'install_base': '/home/nathan/amr_path_planning_ws/install/amr_controller', 'merge_install': False, 'path': '/home/nathan/amr_path_planning_ws/src/amr_controller', 'symlink_install': False, 'test_result_base': None}
[1.335s] Level 5:colcon.colcon_core.verb:set package 'amr_description' build argument 'cmake_args' from command line to 'None'
[1.335s] Level 5:colcon.colcon_core.verb:set package 'amr_description' build argument 'cmake_target' from command line to 'None'
[1.335s] Level 5:colcon.colcon_core.verb:set package 'amr_description' build argument 'cmake_target_skip_unavailable' from command line to 'False'
[1.335s] Level 5:colcon.colcon_core.verb:set package 'amr_description' build argument 'cmake_clean_cache' from command line to 'False'
[1.335s] Level 5:colcon.colcon_core.verb:set package 'amr_description' build argument 'cmake_clean_first' from command line to 'False'
[1.335s] Level 5:colcon.colcon_core.verb:set package 'amr_description' build argument 'cmake_force_configure' from command line to 'False'
[1.335s] Level 5:colcon.colcon_core.verb:set package 'amr_description' build argument 'ament_cmake_args' from command line to 'None'
[1.336s] Level 5:colcon.colcon_core.verb:set package 'amr_description' build argument 'catkin_cmake_args' from command line to 'None'
[1.336s] Level 5:colcon.colcon_core.verb:set package 'amr_description' build argument 'catkin_skip_building_tests' from command line to 'False'
[1.336s] DEBUG:colcon.colcon_core.verb:Building package 'amr_description' with the following arguments: {'ament_cmake_args': None, 'build_base': '/home/nathan/amr_path_planning_ws/build/amr_description', 'catkin_cmake_args': None, 'catkin_skip_building_tests': False, 'cmake_args': None, 'cmake_clean_cache': False, 'cmake_clean_first': False, 'cmake_force_configure': False, 'cmake_target': None, 'cmake_target_skip_unavailable': False, 'install_base': '/home/nathan/amr_path_planning_ws/install/amr_description', 'merge_install': False, 'path': '/home/nathan/amr_path_planning_ws/src/amr_description', 'symlink_install': False, 'test_result_base': None}
[1.349s] INFO:colcon.colcon_core.executor:Executing jobs using 'parallel' executor
[1.363s] DEBUG:colcon.colcon_parallel_executor.executor.parallel:run_until_complete
[1.363s] INFO:colcon.colcon_ros.task.ament_cmake.build:Building ROS package in '/home/nathan/amr_path_planning_ws/src/amr_controller' with build type 'ament_cmake'
[1.363s] INFO:colcon.colcon_cmake.task.cmake.build:Building CMake package in '/home/nathan/amr_path_planning_ws/src/amr_controller'
[1.380s] INFO:colcon.colcon_core.plugin_system:Skipping extension 'colcon_core.shell.bat': Not used on non-Windows systems
[1.380s] INFO:colcon.colcon_core.shell:Skip shell extension 'powershell' for command environment: Not usable outside of PowerShell
[1.380s] DEBUG:colcon.colcon_core.shell:Skip shell extension 'dsv' for command environment
[1.436s] INFO:colcon.colcon_ros.task.ament_cmake.build:Building ROS package in '/home/nathan/amr_path_planning_ws/src/amr_description' with build type 'ament_cmake'
[1.436s] INFO:colcon.colcon_cmake.task.cmake.build:Building CMake package in '/home/nathan/amr_path_planning_ws/src/amr_description'
[1.450s] INFO:colcon.colcon_core.shell:Skip shell extension 'powershell' for command environment: Not usable outside of PowerShell
[1.450s] DEBUG:colcon.colcon_core.shell:Skip shell extension 'dsv' for command environment
[1.510s] DEBUG:colcon.colcon_core.event_handler.log_command:Invoking command in '/home/nathan/amr_path_planning_ws/build/amr_controller': CMAKE_PREFIX_PATH=${CMAKE_PREFIX_PATH}:/home/nathan/path_planning_ws/install/maze_bot:/opt/ros/humble /usr/bin/cmake --build /home/nathan/amr_path_planning_ws/build/amr_controller -- -j12 -l12
[1.514s] DEBUG:colcon.colcon_core.event_handler.log_command:Invoking command in '/home/nathan/amr_path_planning_ws/build/amr_description': CMAKE_PREFIX_PATH=${CMAKE_PREFIX_PATH}:/home/nathan/path_planning_ws/install/maze_bot:/opt/ros/humble /usr/bin/cmake --build /home/nathan/amr_path_planning_ws/build/amr_description -- -j12 -l12
[1.560s] DEBUG:colcon.colcon_core.event_handler.log_command:Invoked command in '/home/nathan/amr_path_planning_ws/build/amr_controller' returned '0': CMAKE_PREFIX_PATH=${CMAKE_PREFIX_PATH}:/home/nathan/path_planning_ws/install/maze_bot:/opt/ros/humble /usr/bin/cmake --build /home/nathan/amr_path_planning_ws/build/amr_controller -- -j12 -l12
[1.560s] DEBUG:colcon.colcon_core.event_handler.log_command:Invoked command in '/home/nathan/amr_path_planning_ws/build/amr_description' returned '0': CMAKE_PREFIX_PATH=${CMAKE_PREFIX_PATH}:/home/nathan/path_planning_ws/install/maze_bot:/opt/ros/humble /usr/bin/cmake --build /home/nathan/amr_path_planning_ws/build/amr_description -- -j12 -l12
[1.577s] DEBUG:colcon.colcon_core.event_handler.log_command:Invoking command in '/home/nathan/amr_path_planning_ws/build/amr_controller': CMAKE_PREFIX_PATH=${CMAKE_PREFIX_PATH}:/home/nathan/path_planning_ws/install/maze_bot:/opt/ros/humble /usr/bin/cmake --install /home/nathan/amr_path_planning_ws/build/amr_controller
[1.579s] DEBUG:colcon.colcon_core.event_handler.log_command:Invoking command in '/home/nathan/amr_path_planning_ws/build/amr_description': CMAKE_PREFIX_PATH=${CMAKE_PREFIX_PATH}:/home/nathan/path_planning_ws/install/maze_bot:/opt/ros/humble /usr/bin/cmake --install /home/nathan/amr_path_planning_ws/build/amr_description
[1.586s] Level 1:colcon.colcon_core.environment:create_environment_scripts_only(amr_controller)
[1.588s] DEBUG:colcon.colcon_core.event_handler.log_command:Invoked command in '/home/nathan/amr_path_planning_ws/build/amr_controller' returned '0': CMAKE_PREFIX_PATH=${CMAKE_PREFIX_PATH}:/home/nathan/path_planning_ws/install/maze_bot:/opt/ros/humble /usr/bin/cmake --install /home/nathan/amr_path_planning_ws/build/amr_controller
[1.605s] Level 1:colcon.colcon_core.environment:checking '/home/nathan/amr_path_planning_ws/install/amr_controller' for CMake module files
[1.605s] Level 1:colcon.colcon_core.environment:checking '/home/nathan/amr_path_planning_ws/install/amr_controller' for CMake config files
[1.606s] Level 1:colcon.colcon_core.shell:create_environment_hook('amr_controller', 'cmake_prefix_path')
[1.619s] INFO:colcon.colcon_core.shell:Creating environment hook '/home/nathan/amr_path_planning_ws/install/amr_controller/share/amr_controller/hook/cmake_prefix_path.ps1'
[1.619s] INFO:colcon.colcon_core.shell:Creating environment descriptor '/home/nathan/amr_path_planning_ws/install/amr_controller/share/amr_controller/hook/cmake_prefix_path.dsv'
[1.620s] INFO:colcon.colcon_core.shell:Creating environment hook '/home/nathan/amr_path_planning_ws/install/amr_controller/share/amr_controller/hook/cmake_prefix_path.sh'
[1.620s] Level 1:colcon.colcon_core.environment:checking '/home/nathan/amr_path_planning_ws/install/amr_controller/bin'
[1.621s] Level 1:colcon.colcon_core.environment:checking '/home/nathan/amr_path_planning_ws/install/amr_controller/lib/pkgconfig/amr_controller.pc'
[1.621s] Level 1:colcon.colcon_core.environment:checking '/home/nathan/amr_path_planning_ws/install/amr_controller/lib/python3.10/site-packages'
[1.621s] Level 1:colcon.colcon_core.environment:checking '/home/nathan/amr_path_planning_ws/install/amr_controller/bin'
[1.635s] INFO:colcon.colcon_core.shell:Creating package script '/home/nathan/amr_path_planning_ws/install/amr_controller/share/amr_controller/package.ps1'
[1.636s] INFO:colcon.colcon_core.shell:Creating package descriptor '/home/nathan/amr_path_planning_ws/install/amr_controller/share/amr_controller/package.dsv'
[1.636s] INFO:colcon.colcon_core.shell:Creating package script '/home/nathan/amr_path_planning_ws/install/amr_controller/share/amr_controller/package.sh'
[1.637s] INFO:colcon.colcon_core.shell:Creating package script '/home/nathan/amr_path_planning_ws/install/amr_controller/share/amr_controller/package.bash'
[1.638s] INFO:colcon.colcon_core.shell:Creating package script '/home/nathan/amr_path_planning_ws/install/amr_controller/share/amr_controller/package.zsh'
[1.638s] Level 1:colcon.colcon_core.environment:create_file_with_runtime_dependencies(/home/nathan/amr_path_planning_ws/install/amr_controller/share/colcon-core/packages/amr_controller)
[1.639s] Level 1:colcon.colcon_core.environment:create_environment_scripts_only(amr_description)
[1.640s] DEBUG:colcon.colcon_core.event_handler.log_command:Invoked command in '/home/nathan/amr_path_planning_ws/build/amr_description' returned '0': CMAKE_PREFIX_PATH=${CMAKE_PREFIX_PATH}:/home/nathan/path_planning_ws/install/maze_bot:/opt/ros/humble /usr/bin/cmake --install /home/nathan/amr_path_planning_ws/build/amr_description
[1.654s] Level 1:colcon.colcon_core.environment:checking '/home/nathan/amr_path_planning_ws/install/amr_description' for CMake module files
[1.654s] Level 1:colcon.colcon_core.environment:checking '/home/nathan/amr_path_planning_ws/install/amr_description' for CMake config files
[1.655s] Level 1:colcon.colcon_core.shell:create_environment_hook('amr_description', 'cmake_prefix_path')
[1.669s] INFO:colcon.colcon_core.shell:Creating environment hook '/home/nathan/amr_path_planning_ws/install/amr_description/share/amr_description/hook/cmake_prefix_path.ps1'
[1.670s] INFO:colcon.colcon_core.shell:Creating environment descriptor '/home/nathan/amr_path_planning_ws/install/amr_description/share/amr_description/hook/cmake_prefix_path.dsv'
[1.670s] INFO:colcon.colcon_core.shell:Creating environment hook '/home/nathan/amr_path_planning_ws/install/amr_description/share/amr_description/hook/cmake_prefix_path.sh'
[1.670s] Level 1:colcon.colcon_core.environment:checking '/home/nathan/amr_path_planning_ws/install/amr_description/bin'
[1.670s] Level 1:colcon.colcon_core.environment:checking '/home/nathan/amr_path_planning_ws/install/amr_description/lib/pkgconfig/amr_description.pc'
[1.670s] Level 1:colcon.colcon_core.environment:checking '/home/nathan/amr_path_planning_ws/install/amr_description/lib/python3.10/site-packages'
[1.671s] Level 1:colcon.colcon_core.environment:checking '/home/nathan/amr_path_planning_ws/install/amr_description/bin'
[1.685s] INFO:colcon.colcon_core.shell:Creating package script '/home/nathan/amr_path_planning_ws/install/amr_description/share/amr_description/package.ps1'
[1.685s] INFO:colcon.colcon_core.shell:Creating package descriptor '/home/nathan/amr_path_planning_ws/install/amr_description/share/amr_description/package.dsv'
[1.686s] INFO:colcon.colcon_core.shell:Creating package script '/home/nathan/amr_path_planning_ws/install/amr_description/share/amr_description/package.sh'
[1.686s] INFO:colcon.colcon_core.shell:Creating package script '/home/nathan/amr_path_planning_ws/install/amr_description/share/amr_description/package.bash'
[1.686s] INFO:colcon.colcon_core.shell:Creating package script '/home/nathan/amr_path_planning_ws/install/amr_description/share/amr_description/package.zsh'
[1.687s] Level 1:colcon.colcon_core.environment:create_file_with_runtime_dependencies(/home/nathan/amr_path_planning_ws/install/amr_description/share/colcon-core/packages/amr_description)
[1.702s] Level 1:colcon.colcon_core.environment:create_environment_scripts_only(amr_controller)
[1.716s] Level 1:colcon.colcon_core.environment:checking '/home/nathan/amr_path_planning_ws/install/amr_controller' for CMake module files
[1.717s] Level 1:colcon.colcon_core.environment:checking '/home/nathan/amr_path_planning_ws/install/amr_controller' for CMake config files
[1.717s] Level 1:colcon.colcon_core.shell:create_environment_hook('amr_controller', 'cmake_prefix_path')
[1.731s] INFO:colcon.colcon_core.shell:Creating environment hook '/home/nathan/amr_path_planning_ws/install/amr_controller/share/amr_controller/hook/cmake_prefix_path.ps1'
[1.732s] INFO:colcon.colcon_core.shell:Creating environment descriptor '/home/nathan/amr_path_planning_ws/install/amr_controller/share/amr_controller/hook/cmake_prefix_path.dsv'
[1.732s] INFO:colcon.colcon_core.shell:Creating environment hook '/home/nathan/amr_path_planning_ws/install/amr_controller/share/amr_controller/hook/cmake_prefix_path.sh'
[1.732s] Level 1:colcon.colcon_core.environment:checking '/home/nathan/amr_path_planning_ws/install/amr_controller/bin'
[1.732s] Level 1:colcon.colcon_core.environment:checking '/home/nathan/amr_path_planning_ws/install/amr_controller/lib/pkgconfig/amr_controller.pc'
[1.732s] Level 1:colcon.colcon_core.environment:checking '/home/nathan/amr_path_planning_ws/install/amr_controller/lib/python3.10/site-packages'
[1.733s] Level 1:colcon.colcon_core.environment:checking '/home/nathan/amr_path_planning_ws/install/amr_controller/bin'
[1.747s] INFO:colcon.colcon_core.shell:Creating package script '/home/nathan/amr_path_planning_ws/install/amr_controller/share/amr_controller/package.ps1'
[1.747s] INFO:colcon.colcon_core.shell:Creating package descriptor '/home/nathan/amr_path_planning_ws/install/amr_controller/share/amr_controller/package.dsv'
[1.748s] INFO:colcon.colcon_core.shell:Creating package script '/home/nathan/amr_path_planning_ws/install/amr_controller/share/amr_controller/package.sh'
[1.748s] INFO:colcon.colcon_core.shell:Creating package script '/home/nathan/amr_path_planning_ws/install/amr_controller/share/amr_controller/package.bash'
[1.748s] INFO:colcon.colcon_core.shell:Creating package script '/home/nathan/amr_path_planning_ws/install/amr_controller/share/amr_controller/package.zsh'
[1.749s] Level 1:colcon.colcon_core.environment:create_file_with_runtime_dependencies(/home/nathan/amr_path_planning_ws/install/amr_controller/share/colcon-core/packages/amr_controller)
[1.763s] Level 1:colcon.colcon_core.environment:create_environment_scripts_only(amr_description)
[1.778s] Level 1:colcon.colcon_core.environment:checking '/home/nathan/amr_path_planning_ws/install/amr_description' for CMake module files
[1.778s] Level 1:colcon.colcon_core.environment:checking '/home/nathan/amr_path_planning_ws/install/amr_description' for CMake config files
[1.778s] Level 1:colcon.colcon_core.shell:create_environment_hook('amr_description', 'cmake_prefix_path')
[1.793s] INFO:colcon.colcon_core.shell:Creating environment hook '/home/nathan/amr_path_planning_ws/install/amr_description/share/amr_description/hook/cmake_prefix_path.ps1'
[1.793s] INFO:colcon.colcon_core.shell:Creating environment descriptor '/home/nathan/amr_path_planning_ws/install/amr_description/share/amr_description/hook/cmake_prefix_path.dsv'
[1.793s] INFO:colcon.colcon_core.shell:Creating environment hook '/home/nathan/amr_path_planning_ws/install/amr_description/share/amr_description/hook/cmake_prefix_path.sh'
[1.794s] Level 1:colcon.colcon_core.environment:checking '/home/nathan/amr_path_planning_ws/install/amr_description/bin'
[1.794s] Level 1:colcon.colcon_core.environment:checking '/home/nathan/amr_path_planning_ws/install/amr_description/lib/pkgconfig/amr_description.pc'
[1.794s] Level 1:colcon.colcon_core.environment:checking '/home/nathan/amr_path_planning_ws/install/amr_description/lib/python3.10/site-packages'
[1.794s] Level 1:colcon.colcon_core.environment:checking '/home/nathan/amr_path_planning_ws/install/amr_description/bin'
[1.808s] INFO:colcon.colcon_core.shell:Creating package script '/home/nathan/amr_path_planning_ws/install/amr_description/share/amr_description/package.ps1'
[1.809s] INFO:colcon.colcon_core.shell:Creating package descriptor '/home/nathan/amr_path_planning_ws/install/amr_description/share/amr_description/package.dsv'
[1.809s] INFO:colcon.colcon_core.shell:Creating package script '/home/nathan/amr_path_planning_ws/install/amr_description/share/amr_description/package.sh'
[1.809s] INFO:colcon.colcon_core.shell:Creating package script '/home/nathan/amr_path_planning_ws/install/amr_description/share/amr_description/package.bash'
[1.810s] INFO:colcon.colcon_core.shell:Creating package script '/home/nathan/amr_path_planning_ws/install/amr_description/share/amr_description/package.zsh'
[1.810s] Level 1:colcon.colcon_core.environment:create_file_with_runtime_dependencies(/home/nathan/amr_path_planning_ws/install/amr_description/share/colcon-core/packages/amr_description)
[1.810s] DEBUG:colcon.colcon_parallel_executor.executor.parallel:closing loop
[1.810s] DEBUG:colcon.colcon_parallel_executor.executor.parallel:loop closed
[1.811s] DEBUG:colcon.colcon_parallel_executor.executor.parallel:run_until_complete finished with '0'
[1.811s] DEBUG:colcon.colcon_core.event_reactor:joining thread
[1.829s] INFO:colcon.colcon_core.plugin_system:Skipping extension 'colcon_notification.desktop_notification.terminal_notifier': Not used on non-Darwin systems
[1.829s] INFO:colcon.colcon_core.plugin_system:Skipping extension 'colcon_notification.desktop_notification.win32': Not used on non-Windows systems
[1.829s] INFO:colcon.colcon_notification.desktop_notification:Sending desktop notification using 'notify2'
[1.846s] DEBUG:colcon.colcon_core.event_reactor:joined thread
[1.860s] INFO:colcon.colcon_core.shell:Creating prefix script '/home/nathan/amr_path_planning_ws/install/local_setup.ps1'
[1.860s] INFO:colcon.colcon_core.shell:Creating prefix util module '/home/nathan/amr_path_planning_ws/install/_local_setup_util_ps1.py'
[1.862s] INFO:colcon.colcon_core.shell:Creating prefix chain script '/home/nathan/amr_path_planning_ws/install/setup.ps1'
[1.876s] INFO:colcon.colcon_core.shell:Creating prefix script '/home/nathan/amr_path_planning_ws/install/local_setup.sh'
[1.877s] INFO:colcon.colcon_core.shell:Creating prefix util module '/home/nathan/amr_path_planning_ws/install/_local_setup_util_sh.py'
[1.877s] INFO:colcon.colcon_core.shell:Creating prefix chain script '/home/nathan/amr_path_planning_ws/install/setup.sh'
[1.891s] INFO:colcon.colcon_core.shell:Creating prefix script '/home/nathan/amr_path_planning_ws/install/local_setup.bash'
[1.892s] INFO:colcon.colcon_core.shell:Creating prefix chain script '/home/nathan/amr_path_planning_ws/install/setup.bash'
[1.906s] INFO:colcon.colcon_core.shell:Creating prefix script '/home/nathan/amr_path_planning_ws/install/local_setup.zsh'
[1.907s] INFO:colcon.colcon_core.shell:Creating prefix chain script '/home/nathan/amr_path_planning_ws/install/setup.zsh'
