[0.928s] Invoking command in '/home/nathan/amr_path_planning_ws/src/my_amr': PS1=(my_ros_env_py310) \[\e]0;\u@\h: \w\a\]${debian_chroot:+($debian_chroot)}\[\033[01;32m\]\u@\h\[\033[00m\]:\[\033[01;34m\]\w\[\033[00m\]\$ PYTHONPATH=/home/nathan/amr_path_planning_ws/build/my_amr/prefix_override:/home/nathan/amr_path_planning_ws/install/my_amr/lib/python3.10/site-packages:${PYTHONPATH} VIRTUAL_ENV_PROMPT=(my_ros_env_py310) /usr/bin/python3 setup.py egg_info --egg-base ../../build/my_amr build --build-base /home/nathan/amr_path_planning_ws/build/my_amr/build install --record /home/nathan/amr_path_planning_ws/build/my_amr/install.log --single-version-externally-managed
[1.206s] running egg_info
[1.206s] writing ../../build/my_amr/my_amr.egg-info/PKG-INFO
[1.206s] writing dependency_links to ../../build/my_amr/my_amr.egg-info/dependency_links.txt
[1.207s] writing entry points to ../../build/my_amr/my_amr.egg-info/entry_points.txt
[1.207s] writing requirements to ../../build/my_amr/my_amr.egg-info/requires.txt
[1.207s] writing top-level names to ../../build/my_amr/my_amr.egg-info/top_level.txt
[1.208s] reading manifest file '../../build/my_amr/my_amr.egg-info/SOURCES.txt'
[1.209s] writing manifest file '../../build/my_amr/my_amr.egg-info/SOURCES.txt'
[1.209s] running build
[1.209s] running build_py
[1.210s] running install
[1.210s] running install_lib
[1.211s] running install_data
[1.212s] running install_egg_info
[1.213s] removing '/home/nathan/amr_path_planning_ws/install/my_amr/lib/python3.10/site-packages/my_amr-0.0.0-py3.10.egg-info' (and everything under it)
[1.213s] Copying ../../build/my_amr/my_amr.egg-info to /home/nathan/amr_path_planning_ws/install/my_amr/lib/python3.10/site-packages/my_amr-0.0.0-py3.10.egg-info
[1.214s] running install_scripts
[1.232s] Installing driving_amr script to /home/nathan/amr_path_planning_ws/install/my_amr/lib/my_amr
[1.232s] writing list of installed files to '/home/nathan/amr_path_planning_ws/build/my_amr/install.log'
[1.251s] Invoked command in '/home/nathan/amr_path_planning_ws/src/my_amr' returned '0': PS1=(my_ros_env_py310) \[\e]0;\u@\h: \w\a\]${debian_chroot:+($debian_chroot)}\[\033[01;32m\]\u@\h\[\033[00m\]:\[\033[01;34m\]\w\[\033[00m\]\$ PYTHONPATH=/home/nathan/amr_path_planning_ws/build/my_amr/prefix_override:/home/nathan/amr_path_planning_ws/install/my_amr/lib/python3.10/site-packages:${PYTHONPATH} VIRTUAL_ENV_PROMPT=(my_ros_env_py310) /usr/bin/python3 setup.py egg_info --egg-base ../../build/my_amr build --build-base /home/nathan/amr_path_planning_ws/build/my_amr/build install --record /home/nathan/amr_path_planning_ws/build/my_amr/install.log --single-version-externally-managed
