/home/nathan/amr_path_planning_ws/install/my_amr/lib/python3.10/site-packages/my_amr/driving_node.py
/home/nathan/amr_path_planning_ws/install/my_amr/lib/python3.10/site-packages/my_amr/__init__.py
/home/nathan/amr_path_planning_ws/install/my_amr/lib/python3.10/site-packages/my_amr/__pycache__/driving_node.cpython-310.pyc
/home/nathan/amr_path_planning_ws/install/my_amr/lib/python3.10/site-packages/my_amr/__pycache__/__init__.cpython-310.pyc
/home/nathan/amr_path_planning_ws/install/my_amr/share/ament_index/resource_index/packages/my_amr
/home/nathan/amr_path_planning_ws/install/my_amr/share/my_amr/package.xml
/home/nathan/amr_path_planning_ws/install/my_amr/share/my_amr/launch/start_world.launch.py
/home/nathan/amr_path_planning_ws/install/my_amr/share/my_amr/launch/spawn_robot_description.launch.py
/home/nathan/amr_path_planning_ws/install/my_amr/share/my_amr/launch/display.launch.py
/home/nathan/amr_path_planning_ws/install/my_amr/share/my_amr/urdf/amr.urdf
/home/nathan/amr_path_planning_ws/install/my_amr/share/my_amr/meshes/top_final.dae
/home/nathan/amr_path_planning_ws/install/my_amr/share/my_amr/meshes/assem copy.stl
/home/nathan/amr_path_planning_ws/install/my_amr/share/my_amr/meshes/inner_final.dae
/home/nathan/amr_path_planning_ws/install/my_amr/share/my_amr/meshes/base_final.stl
/home/nathan/amr_path_planning_ws/install/my_amr/share/my_amr/meshes/kinect.dae
/home/nathan/amr_path_planning_ws/install/my_amr/share/my_amr/meshes/inner_final.stl
/home/nathan/amr_path_planning_ws/install/my_amr/share/my_amr/meshes/top_final.stl
/home/nathan/amr_path_planning_ws/install/my_amr/share/my_amr/meshes/lidar.dae
/home/nathan/amr_path_planning_ws/install/my_amr/share/my_amr/meshes/shaft_final.stl
/home/nathan/amr_path_planning_ws/install/my_amr/share/my_amr/meshes/top_plate_final.stl
/home/nathan/amr_path_planning_ws/install/my_amr/share/my_amr/meshes/lidar.stl
/home/nathan/amr_path_planning_ws/install/my_amr/share/my_amr/meshes/shaft_final.dae
/home/nathan/amr_path_planning_ws/install/my_amr/share/my_amr/meshes/assem.stl
/home/nathan/amr_path_planning_ws/install/my_amr/share/my_amr/meshes/Base_final.dae
/home/nathan/amr_path_planning_ws/install/my_amr/share/my_amr/meshes/Base_final.stl
/home/nathan/amr_path_planning_ws/install/my_amr/share/my_amr/meshes/outer_final.stl
/home/nathan/amr_path_planning_ws/install/my_amr/share/my_amr/meshes/kinect.stl
/home/nathan/amr_path_planning_ws/install/my_amr/share/my_amr/meshes/top_plate_final.dae
/home/nathan/amr_path_planning_ws/install/my_amr/share/my_amr/meshes/outer_final.dae
/home/nathan/amr_path_planning_ws/install/my_amr/share/my_amr/worlds
/home/nathan/amr_path_planning_ws/install/my_amr/lib/python3.10/site-packages/my_amr-0.0.0-py3.10.egg-info/PKG-INFO
/home/nathan/amr_path_planning_ws/install/my_amr/lib/python3.10/site-packages/my_amr-0.0.0-py3.10.egg-info/top_level.txt
/home/nathan/amr_path_planning_ws/install/my_amr/lib/python3.10/site-packages/my_amr-0.0.0-py3.10.egg-info/requires.txt
/home/nathan/amr_path_planning_ws/install/my_amr/lib/python3.10/site-packages/my_amr-0.0.0-py3.10.egg-info/entry_points.txt
/home/nathan/amr_path_planning_ws/install/my_amr/lib/python3.10/site-packages/my_amr-0.0.0-py3.10.egg-info/SOURCES.txt
/home/nathan/amr_path_planning_ws/install/my_amr/lib/python3.10/site-packages/my_amr-0.0.0-py3.10.egg-info/zip-safe
/home/nathan/amr_path_planning_ws/install/my_amr/lib/python3.10/site-packages/my_amr-0.0.0-py3.10.egg-info/dependency_links.txt
/home/nathan/amr_path_planning_ws/install/my_amr/lib/my_amr/driving_amr
