[0.163s] Invoking command in '/home/nathan/amr_path_planning_ws/build/amr_controller': CMAKE_PREFIX_PATH=${CMAKE_PREFIX_PATH}:/home/nathan/path_planning_ws/install/maze_bot:/opt/ros/humble /usr/bin/cmake --build /home/nathan/amr_path_planning_ws/build/amr_controller -- -j12 -l12
[0.188s] -- Found ament_cmake: 1.3.6 (/opt/ros/humble/share/ament_cmake/cmake)
[0.355s] -- Found rclcpp: 16.0.7 (/opt/ros/humble/share/rclcpp/cmake)
[0.384s] -- Found rosidl_generator_c: 3.1.5 (/opt/ros/humble/share/rosidl_generator_c/cmake)
[0.386s] -- Found rosidl_adapter: 3.1.5 (/opt/ros/humble/share/rosidl_adapter/cmake)
[0.393s] -- Found rosidl_generator_cpp: 3.1.5 (/opt/ros/humble/share/rosidl_generator_cpp/cmake)
[0.404s] -- Using all available rosidl_typesupport_c: rosidl_typesupport_fastrtps_c;rosidl_typesupport_introspection_c
[0.421s] -- Using all available rosidl_typesupport_cpp: rosidl_typesupport_fastrtps_cpp;rosidl_typesupport_introspection_cpp
[0.473s] -- Found rmw_implementation_cmake: 6.1.1 (/opt/ros/humble/share/rmw_implementation_cmake/cmake)
[0.475s] -- Found rmw_fastrtps_cpp: 6.2.5 (/opt/ros/humble/share/rmw_fastrtps_cpp/cmake)
[0.585s] -- Using RMW implementation 'rmw_fastrtps_cpp' as default
[0.730s] -- Found rclpy: 3.3.11 (/opt/ros/humble/share/rclpy/cmake)
[0.731s] -- Found geometry_msgs: 4.2.3 (/opt/ros/humble/share/geometry_msgs/cmake)
[0.825s] -- Configuring done
[0.838s] -- Generating done
[0.840s] -- Build files have been written to: /home/nathan/amr_path_planning_ws/build/amr_controller
[0.859s] [35m[1mConsolidate compiler generated dependencies of target simple_controller[0m
[0.872s] [100%] Built target simple_controller
[0.879s] Invoked command in '/home/nathan/amr_path_planning_ws/build/amr_controller' returned '0': CMAKE_PREFIX_PATH=${CMAKE_PREFIX_PATH}:/home/nathan/path_planning_ws/install/maze_bot:/opt/ros/humble /usr/bin/cmake --build /home/nathan/amr_path_planning_ws/build/amr_controller -- -j12 -l12
[0.898s] Invoking command in '/home/nathan/amr_path_planning_ws/build/amr_controller': CMAKE_PREFIX_PATH=${CMAKE_PREFIX_PATH}:/home/nathan/path_planning_ws/install/maze_bot:/opt/ros/humble /usr/bin/cmake --install /home/nathan/amr_path_planning_ws/build/amr_controller
[0.905s] -- Install configuration: ""
[0.905s] -- Up-to-date: /home/nathan/amr_path_planning_ws/install/amr_controller/include/include
[0.905s] -- Up-to-date: /home/nathan/amr_path_planning_ws/install/amr_controller/include/include/amr_controller
[0.905s] -- Up-to-date: /home/nathan/amr_path_planning_ws/install/amr_controller/include/include/amr_controller/simple_controller.hpp
[0.905s] -- Up-to-date: /home/nathan/amr_path_planning_ws/install/amr_controller/lib/amr_controller/simple_controller
[0.905s] -- Up-to-date: /home/nathan/amr_path_planning_ws/install/amr_controller/share/amr_controller/launch
[0.905s] -- Up-to-date: /home/nathan/amr_path_planning_ws/install/amr_controller/share/amr_controller/launch/controller.launch.py
[0.906s] -- Up-to-date: /home/nathan/amr_path_planning_ws/install/amr_controller/share/amr_controller/config
[0.906s] -- Up-to-date: /home/nathan/amr_path_planning_ws/install/amr_controller/share/amr_controller/config/amr_controllers.yaml
[0.906s] -- Up-to-date: /home/nathan/amr_path_planning_ws/install/amr_controller/share/amr_controller/config/joy_config.yaml
[0.906s] -- Up-to-date: /home/nathan/amr_path_planning_ws/install/amr_controller/share/amr_controller/config/joy_teleop.yaml
[0.906s] -- Installing: /home/nathan/amr_path_planning_ws/install/amr_controller/share/ament_index/resource_index/package_run_dependencies/amr_controller
[0.906s] -- Installing: /home/nathan/amr_path_planning_ws/install/amr_controller/share/ament_index/resource_index/parent_prefix_path/amr_controller
[0.906s] -- Up-to-date: /home/nathan/amr_path_planning_ws/install/amr_controller/share/amr_controller/environment/ament_prefix_path.sh
[0.906s] -- Installing: /home/nathan/amr_path_planning_ws/install/amr_controller/share/amr_controller/environment/ament_prefix_path.dsv
[0.906s] -- Up-to-date: /home/nathan/amr_path_planning_ws/install/amr_controller/share/amr_controller/environment/path.sh
[0.906s] -- Installing: /home/nathan/amr_path_planning_ws/install/amr_controller/share/amr_controller/environment/path.dsv
[0.906s] -- Up-to-date: /home/nathan/amr_path_planning_ws/install/amr_controller/share/amr_controller/local_setup.bash
[0.907s] -- Up-to-date: /home/nathan/amr_path_planning_ws/install/amr_controller/share/amr_controller/local_setup.sh
[0.907s] -- Up-to-date: /home/nathan/amr_path_planning_ws/install/amr_controller/share/amr_controller/local_setup.zsh
[0.907s] -- Installing: /home/nathan/amr_path_planning_ws/install/amr_controller/share/amr_controller/local_setup.dsv
[0.907s] -- Installing: /home/nathan/amr_path_planning_ws/install/amr_controller/share/amr_controller/package.dsv
[0.907s] -- Up-to-date: /home/nathan/amr_path_planning_ws/install/amr_controller/share/ament_index/resource_index/packages/amr_controller
[0.907s] -- Up-to-date: /home/nathan/amr_path_planning_ws/install/amr_controller/share/amr_controller/cmake/amr_controllerConfig.cmake
[0.907s] -- Up-to-date: /home/nathan/amr_path_planning_ws/install/amr_controller/share/amr_controller/cmake/amr_controllerConfig-version.cmake
[0.907s] -- Installing: /home/nathan/amr_path_planning_ws/install/amr_controller/share/amr_controller/package.xml
[0.908s] Invoked command in '/home/nathan/amr_path_planning_ws/build/amr_controller' returned '0': CMAKE_PREFIX_PATH=${CMAKE_PREFIX_PATH}:/home/nathan/path_planning_ws/install/maze_bot:/opt/ros/humble /usr/bin/cmake --install /home/nathan/amr_path_planning_ws/build/amr_controller
