[0.183s] Invoking command in '/home/nathan/amr_path_planning_ws/build/amr_controller': CMAKE_PREFIX_PATH=${CMAKE_PREFIX_PATH}:/home/nathan/amr_path_planning_ws/install/my_amr:/home/nathan/path_planning_ws/install/maze_bot:/opt/ros/humble /usr/bin/cmake --build /home/nathan/amr_path_planning_ws/build/amr_controller -- -j12 -l12
[0.204s] -- Found ament_cmake: 1.3.6 (/opt/ros/humble/share/ament_cmake/cmake)
[0.396s] -- Configuring done
[0.399s] -- Generating done
[0.399s] -- Build files have been written to: /home/nathan/amr_path_planning_ws/build/amr_controller
[0.414s] Invoked command in '/home/nathan/amr_path_planning_ws/build/amr_controller' returned '0': CMAKE_PREFIX_PATH=${CMAKE_PREFIX_PATH}:/home/nathan/amr_path_planning_ws/install/my_amr:/home/nathan/path_planning_ws/install/maze_bot:/opt/ros/humble /usr/bin/cmake --build /home/nathan/amr_path_planning_ws/build/amr_controller -- -j12 -l12
[0.435s] Invoking command in '/home/nathan/amr_path_planning_ws/build/amr_controller': CMAKE_PREFIX_PATH=${CMAKE_PREFIX_PATH}:/home/nathan/amr_path_planning_ws/install/my_amr:/home/nathan/path_planning_ws/install/maze_bot:/opt/ros/humble /usr/bin/cmake --install /home/nathan/amr_path_planning_ws/build/amr_controller
[0.440s] -- Install configuration: ""
[0.441s] -- Up-to-date: /home/nathan/amr_path_planning_ws/install/amr_controller/share/amr_controller/launch
[0.441s] -- Up-to-date: /home/nathan/amr_path_planning_ws/install/amr_controller/share/amr_controller/launch/controller.launch.py
[0.441s] -- Up-to-date: /home/nathan/amr_path_planning_ws/install/amr_controller/share/amr_controller/config
[0.441s] -- Up-to-date: /home/nathan/amr_path_planning_ws/install/amr_controller/share/amr_controller/config/amr_controllers.yaml
[0.441s] -- Up-to-date: /home/nathan/amr_path_planning_ws/install/amr_controller/share/ament_index/resource_index/package_run_dependencies/amr_controller
[0.441s] -- Installing: /home/nathan/amr_path_planning_ws/install/amr_controller/share/ament_index/resource_index/parent_prefix_path/amr_controller
[0.441s] -- Up-to-date: /home/nathan/amr_path_planning_ws/install/amr_controller/share/amr_controller/environment/ament_prefix_path.sh
[0.441s] -- Installing: /home/nathan/amr_path_planning_ws/install/amr_controller/share/amr_controller/environment/ament_prefix_path.dsv
[0.441s] -- Up-to-date: /home/nathan/amr_path_planning_ws/install/amr_controller/share/amr_controller/environment/path.sh
[0.441s] -- Installing: /home/nathan/amr_path_planning_ws/install/amr_controller/share/amr_controller/environment/path.dsv
[0.441s] -- Up-to-date: /home/nathan/amr_path_planning_ws/install/amr_controller/share/amr_controller/local_setup.bash
[0.441s] -- Up-to-date: /home/nathan/amr_path_planning_ws/install/amr_controller/share/amr_controller/local_setup.sh
[0.441s] -- Up-to-date: /home/nathan/amr_path_planning_ws/install/amr_controller/share/amr_controller/local_setup.zsh
[0.441s] -- Installing: /home/nathan/amr_path_planning_ws/install/amr_controller/share/amr_controller/local_setup.dsv
[0.441s] -- Installing: /home/nathan/amr_path_planning_ws/install/amr_controller/share/amr_controller/package.dsv
[0.441s] -- Up-to-date: /home/nathan/amr_path_planning_ws/install/amr_controller/share/ament_index/resource_index/packages/amr_controller
[0.441s] -- Up-to-date: /home/nathan/amr_path_planning_ws/install/amr_controller/share/amr_controller/cmake/amr_controllerConfig.cmake
[0.442s] -- Up-to-date: /home/nathan/amr_path_planning_ws/install/amr_controller/share/amr_controller/cmake/amr_controllerConfig-version.cmake
[0.442s] -- Up-to-date: /home/nathan/amr_path_planning_ws/install/amr_controller/share/amr_controller/package.xml
[0.442s] Invoked command in '/home/nathan/amr_path_planning_ws/build/amr_controller' returned '0': CMAKE_PREFIX_PATH=${CMAKE_PREFIX_PATH}:/home/nathan/amr_path_planning_ws/install/my_amr:/home/nathan/path_planning_ws/install/maze_bot:/opt/ros/humble /usr/bin/cmake --install /home/nathan/amr_path_planning_ws/build/amr_controller
