[0.936s] Invoking command in '/home/nathan/amr_path_planning_ws/src/my_amr': PYTHONPATH=/home/nathan/amr_path_planning_ws/build/my_amr/prefix_override:/home/nathan/amr_path_planning_ws/install/my_amr/lib/python3.10/site-packages:${PYTHONPATH} /usr/bin/python3 setup.py egg_info --egg-base ../../build/my_amr build --build-base /home/nathan/amr_path_planning_ws/build/my_amr/build install --record /home/nathan/amr_path_planning_ws/build/my_amr/install.log --single-version-externally-managed
[1.201s] running egg_info
[1.201s] writing ../../build/my_amr/my_amr.egg-info/PKG-INFO
[1.202s] writing dependency_links to ../../build/my_amr/my_amr.egg-info/dependency_links.txt
[1.202s] writing entry points to ../../build/my_amr/my_amr.egg-info/entry_points.txt
[1.202s] writing requirements to ../../build/my_amr/my_amr.egg-info/requires.txt
[1.202s] writing top-level names to ../../build/my_amr/my_amr.egg-info/top_level.txt
[1.203s] reading manifest file '../../build/my_amr/my_amr.egg-info/SOURCES.txt'
[1.204s] writing manifest file '../../build/my_amr/my_amr.egg-info/SOURCES.txt'
[1.204s] running build
[1.204s] running build_py
[1.204s] running install
[1.205s] running install_lib
[1.206s] running install_data
[1.206s] running install_egg_info
[1.207s] removing '/home/nathan/amr_path_planning_ws/install/my_amr/lib/python3.10/site-packages/my_amr-0.0.0-py3.10.egg-info' (and everything under it)
[1.208s] Copying ../../build/my_amr/my_amr.egg-info to /home/nathan/amr_path_planning_ws/install/my_amr/lib/python3.10/site-packages/my_amr-0.0.0-py3.10.egg-info
[1.208s] running install_scripts
[1.224s] Installing driving_amr script to /home/nathan/amr_path_planning_ws/install/my_amr/lib/my_amr
[1.224s] writing list of installed files to '/home/nathan/amr_path_planning_ws/build/my_amr/install.log'
[1.242s] Invoked command in '/home/nathan/amr_path_planning_ws/src/my_amr' returned '0': PYTHONPATH=/home/nathan/amr_path_planning_ws/build/my_amr/prefix_override:/home/nathan/amr_path_planning_ws/install/my_amr/lib/python3.10/site-packages:${PYTHONPATH} /usr/bin/python3 setup.py egg_info --egg-base ../../build/my_amr build --build-base /home/nathan/amr_path_planning_ws/build/my_amr/build install --record /home/nathan/amr_path_planning_ws/build/my_amr/install.log --single-version-externally-managed
