[1.219s] DEBUG:colcon:Command line arguments: ['/usr/bin/colcon', 'build']
[1.219s] DEBUG:colcon:Parsed command line arguments: Namespace(log_base=None, log_level=None, verb_name='build', build_base='build', install_base='install', merge_install=False, symlink_install=False, test_result_base=None, continue_on_error=False, executor='parallel', parallel_workers=12, event_handlers=None, ignore_user_meta=False, metas=['./colcon.meta'], base_paths=['.'], packages_ignore=None, packages_ignore_regex=None, paths=None, packages_up_to=None, packages_up_to_regex=None, packages_above=None, packages_above_and_dependencies=None, packages_above_depth=None, packages_select_by_dep=None, packages_skip_by_dep=None, packages_skip_up_to=None, packages_select_build_failed=False, packages_skip_build_finished=False, packages_select_test_failures=False, packages_skip_test_passed=False, packages_select=None, packages_skip=None, packages_select_regex=None, packages_skip_regex=None, packages_start=None, packages_end=None, allow_overriding=[], cmake_args=None, cmake_target=None, cmake_target_skip_unavailable=False, cmake_clean_cache=False, cmake_clean_first=False, cmake_force_configure=False, ament_cmake_args=None, catkin_cmake_args=None, catkin_skip_building_tests=False, verb_parser=<colcon_defaults.argument_parser.defaults.DefaultArgumentsDecorator object at 0x7a123305ae90>, verb_extension=<colcon_core.verb.build.BuildVerb object at 0x7a1233331d80>, main=<bound method BuildVerb.main of <colcon_core.verb.build.BuildVerb object at 0x7a1233331d80>>)
[1.270s] Level 1:colcon.colcon_core.package_discovery:discover_packages(colcon_meta) check parameters
[1.270s] Level 1:colcon.colcon_core.package_discovery:discover_packages(recursive) check parameters
[1.270s] Level 1:colcon.colcon_core.package_discovery:discover_packages(ignore) check parameters
[1.270s] Level 1:colcon.colcon_core.package_discovery:discover_packages(path) check parameters
[1.270s] Level 1:colcon.colcon_core.package_discovery:discover_packages(colcon_meta) discover
[1.270s] Level 1:colcon.colcon_core.package_discovery:discover_packages(recursive) discover
[1.270s] INFO:colcon.colcon_core.package_discovery:Crawling recursively for packages in '/home/nathan/amr_path_planning_ws'
[1.270s] Level 1:colcon.colcon_core.package_identification:_identify(.) by extensions ['ignore', 'ignore_ament_install']
[1.270s] Level 1:colcon.colcon_core.package_identification:_identify(.) by extension 'ignore'
[1.270s] Level 1:colcon.colcon_core.package_identification:_identify(.) by extension 'ignore_ament_install'
[1.270s] Level 1:colcon.colcon_core.package_identification:_identify(.) by extensions ['colcon_pkg']
[1.270s] Level 1:colcon.colcon_core.package_identification:_identify(.) by extension 'colcon_pkg'
[1.270s] Level 1:colcon.colcon_core.package_identification:_identify(.) by extensions ['colcon_meta']
[1.270s] Level 1:colcon.colcon_core.package_identification:_identify(.) by extension 'colcon_meta'
[1.270s] Level 1:colcon.colcon_core.package_identification:_identify(.) by extensions ['ros']
[1.270s] Level 1:colcon.colcon_core.package_identification:_identify(.) by extension 'ros'
[1.279s] Level 1:colcon.colcon_core.package_identification:_identify(.) by extensions ['cmake', 'python']
[1.279s] Level 1:colcon.colcon_core.package_identification:_identify(.) by extension 'cmake'
[1.279s] Level 1:colcon.colcon_core.package_identification:_identify(.) by extension 'python'
[1.279s] Level 1:colcon.colcon_core.package_identification:_identify(.) by extensions ['python_setup_py']
[1.279s] Level 1:colcon.colcon_core.package_identification:_identify(.) by extension 'python_setup_py'
[1.279s] Level 1:colcon.colcon_core.package_identification:_identify(build) by extensions ['ignore', 'ignore_ament_install']
[1.280s] Level 1:colcon.colcon_core.package_identification:_identify(build) by extension 'ignore'
[1.280s] Level 1:colcon.colcon_core.package_identification:_identify(build) ignored
[1.280s] Level 1:colcon.colcon_core.package_identification:_identify(install) by extensions ['ignore', 'ignore_ament_install']
[1.280s] Level 1:colcon.colcon_core.package_identification:_identify(install) by extension 'ignore'
[1.280s] Level 1:colcon.colcon_core.package_identification:_identify(install) ignored
[1.280s] Level 1:colcon.colcon_core.package_identification:_identify(log) by extensions ['ignore', 'ignore_ament_install']
[1.280s] Level 1:colcon.colcon_core.package_identification:_identify(log) by extension 'ignore'
[1.280s] Level 1:colcon.colcon_core.package_identification:_identify(log) ignored
[1.280s] Level 1:colcon.colcon_core.package_identification:_identify(src) by extensions ['ignore', 'ignore_ament_install']
[1.280s] Level 1:colcon.colcon_core.package_identification:_identify(src) by extension 'ignore'
[1.280s] Level 1:colcon.colcon_core.package_identification:_identify(src) by extension 'ignore_ament_install'
[1.280s] Level 1:colcon.colcon_core.package_identification:_identify(src) by extensions ['colcon_pkg']
[1.280s] Level 1:colcon.colcon_core.package_identification:_identify(src) by extension 'colcon_pkg'
[1.280s] Level 1:colcon.colcon_core.package_identification:_identify(src) by extensions ['colcon_meta']
[1.280s] Level 1:colcon.colcon_core.package_identification:_identify(src) by extension 'colcon_meta'
[1.280s] Level 1:colcon.colcon_core.package_identification:_identify(src) by extensions ['ros']
[1.280s] Level 1:colcon.colcon_core.package_identification:_identify(src) by extension 'ros'
[1.281s] Level 1:colcon.colcon_core.package_identification:_identify(src) by extensions ['cmake', 'python']
[1.281s] Level 1:colcon.colcon_core.package_identification:_identify(src) by extension 'cmake'
[1.281s] Level 1:colcon.colcon_core.package_identification:_identify(src) by extension 'python'
[1.281s] Level 1:colcon.colcon_core.package_identification:_identify(src) by extensions ['python_setup_py']
[1.281s] Level 1:colcon.colcon_core.package_identification:_identify(src) by extension 'python_setup_py'
[1.281s] Level 1:colcon.colcon_core.package_identification:_identify(src/amr_controller) by extensions ['ignore', 'ignore_ament_install']
[1.281s] Level 1:colcon.colcon_core.package_identification:_identify(src/amr_controller) by extension 'ignore'
[1.281s] Level 1:colcon.colcon_core.package_identification:_identify(src/amr_controller) by extension 'ignore_ament_install'
[1.281s] Level 1:colcon.colcon_core.package_identification:_identify(src/amr_controller) by extensions ['colcon_pkg']
[1.281s] Level 1:colcon.colcon_core.package_identification:_identify(src/amr_controller) by extension 'colcon_pkg'
[1.281s] Level 1:colcon.colcon_core.package_identification:_identify(src/amr_controller) by extensions ['colcon_meta']
[1.281s] Level 1:colcon.colcon_core.package_identification:_identify(src/amr_controller) by extension 'colcon_meta'
[1.281s] Level 1:colcon.colcon_core.package_identification:_identify(src/amr_controller) by extensions ['ros']
[1.281s] Level 1:colcon.colcon_core.package_identification:_identify(src/amr_controller) by extension 'ros'
[1.284s] DEBUG:colcon.colcon_core.package_identification:Package 'src/amr_controller' with type 'ros.ament_cmake' and name 'amr_controller'
[1.284s] Level 1:colcon.colcon_core.package_identification:_identify(src/amr_description) by extensions ['ignore', 'ignore_ament_install']
[1.284s] Level 1:colcon.colcon_core.package_identification:_identify(src/amr_description) by extension 'ignore'
[1.284s] Level 1:colcon.colcon_core.package_identification:_identify(src/amr_description) by extension 'ignore_ament_install'
[1.284s] Level 1:colcon.colcon_core.package_identification:_identify(src/amr_description) by extensions ['colcon_pkg']
[1.284s] Level 1:colcon.colcon_core.package_identification:_identify(src/amr_description) by extension 'colcon_pkg'
[1.284s] Level 1:colcon.colcon_core.package_identification:_identify(src/amr_description) by extensions ['colcon_meta']
[1.284s] Level 1:colcon.colcon_core.package_identification:_identify(src/amr_description) by extension 'colcon_meta'
[1.284s] Level 1:colcon.colcon_core.package_identification:_identify(src/amr_description) by extensions ['ros']
[1.284s] Level 1:colcon.colcon_core.package_identification:_identify(src/amr_description) by extension 'ros'
[1.285s] DEBUG:colcon.colcon_core.package_identification:Package 'src/amr_description' with type 'ros.ament_cmake' and name 'amr_description'
[1.285s] Level 1:colcon.colcon_core.package_identification:_identify(src/my_amr) by extensions ['ignore', 'ignore_ament_install']
[1.285s] Level 1:colcon.colcon_core.package_identification:_identify(src/my_amr) by extension 'ignore'
[1.285s] Level 1:colcon.colcon_core.package_identification:_identify(src/my_amr) by extension 'ignore_ament_install'
[1.285s] Level 1:colcon.colcon_core.package_identification:_identify(src/my_amr) by extensions ['colcon_pkg']
[1.285s] Level 1:colcon.colcon_core.package_identification:_identify(src/my_amr) by extension 'colcon_pkg'
[1.285s] Level 1:colcon.colcon_core.package_identification:_identify(src/my_amr) by extensions ['colcon_meta']
[1.285s] Level 1:colcon.colcon_core.package_identification:_identify(src/my_amr) by extension 'colcon_meta'
[1.285s] Level 1:colcon.colcon_core.package_identification:_identify(src/my_amr) by extensions ['ros']
[1.285s] Level 1:colcon.colcon_core.package_identification:_identify(src/my_amr) by extension 'ros'
[1.286s] DEBUG:colcon.colcon_core.package_identification:Package 'src/my_amr' with type 'ros.ament_python' and name 'my_amr'
[1.286s] Level 1:colcon.colcon_core.package_discovery:discover_packages(recursive) using defaults
[1.286s] Level 1:colcon.colcon_core.package_discovery:discover_packages(ignore) discover
[1.286s] Level 1:colcon.colcon_core.package_discovery:discover_packages(ignore) using defaults
[1.286s] Level 1:colcon.colcon_core.package_discovery:discover_packages(path) discover
[1.286s] Level 1:colcon.colcon_core.package_discovery:discover_packages(path) using defaults
[1.400s] Level 1:colcon.colcon_core.package_discovery:discover_packages(prefix_path) check parameters
[1.400s] Level 1:colcon.colcon_core.package_discovery:discover_packages(prefix_path) discover
[1.438s] DEBUG:colcon.colcon_installed_package_information.package_discovery:Found 3 installed packages in /home/nathan/amr_path_planning_ws/install
[1.457s] DEBUG:colcon.colcon_installed_package_information.package_discovery:Found 5 installed packages in /home/nathan/ROS2 Controller/bumperbot_ws/install
[1.476s] DEBUG:colcon.colcon_installed_package_information.package_discovery:Found 2 installed packages in /home/nathan/amr_ws/install
[1.495s] DEBUG:colcon.colcon_installed_package_information.package_discovery:Found 16 installed packages in /home/nathan/path_planning_ws/install
[1.514s] DEBUG:colcon.colcon_installed_package_information.package_discovery:Found 345 installed packages in /opt/ros/humble
[1.516s] Level 1:colcon.colcon_core.package_discovery:discover_packages(prefix_path) using defaults
[1.623s] Level 5:colcon.colcon_core.verb:set package 'amr_controller' build argument 'cmake_args' from command line to 'None'
[1.623s] Level 5:colcon.colcon_core.verb:set package 'amr_controller' build argument 'cmake_target' from command line to 'None'
[1.623s] Level 5:colcon.colcon_core.verb:set package 'amr_controller' build argument 'cmake_target_skip_unavailable' from command line to 'False'
[1.623s] Level 5:colcon.colcon_core.verb:set package 'amr_controller' build argument 'cmake_clean_cache' from command line to 'False'
[1.623s] Level 5:colcon.colcon_core.verb:set package 'amr_controller' build argument 'cmake_clean_first' from command line to 'False'
[1.623s] Level 5:colcon.colcon_core.verb:set package 'amr_controller' build argument 'cmake_force_configure' from command line to 'False'
[1.624s] Level 5:colcon.colcon_core.verb:set package 'amr_controller' build argument 'ament_cmake_args' from command line to 'None'
[1.624s] Level 5:colcon.colcon_core.verb:set package 'amr_controller' build argument 'catkin_cmake_args' from command line to 'None'
[1.624s] Level 5:colcon.colcon_core.verb:set package 'amr_controller' build argument 'catkin_skip_building_tests' from command line to 'False'
[1.624s] DEBUG:colcon.colcon_core.verb:Building package 'amr_controller' with the following arguments: {'ament_cmake_args': None, 'build_base': '/home/nathan/amr_path_planning_ws/build/amr_controller', 'catkin_cmake_args': None, 'catkin_skip_building_tests': False, 'cmake_args': None, 'cmake_clean_cache': False, 'cmake_clean_first': False, 'cmake_force_configure': False, 'cmake_target': None, 'cmake_target_skip_unavailable': False, 'install_base': '/home/nathan/amr_path_planning_ws/install/amr_controller', 'merge_install': False, 'path': '/home/nathan/amr_path_planning_ws/src/amr_controller', 'symlink_install': False, 'test_result_base': None}
[1.643s] Level 5:colcon.colcon_core.verb:set package 'amr_description' build argument 'cmake_args' from command line to 'None'
[1.643s] Level 5:colcon.colcon_core.verb:set package 'amr_description' build argument 'cmake_target' from command line to 'None'
[1.643s] Level 5:colcon.colcon_core.verb:set package 'amr_description' build argument 'cmake_target_skip_unavailable' from command line to 'False'
[1.643s] Level 5:colcon.colcon_core.verb:set package 'amr_description' build argument 'cmake_clean_cache' from command line to 'False'
[1.643s] Level 5:colcon.colcon_core.verb:set package 'amr_description' build argument 'cmake_clean_first' from command line to 'False'
[1.643s] Level 5:colcon.colcon_core.verb:set package 'amr_description' build argument 'cmake_force_configure' from command line to 'False'
[1.643s] Level 5:colcon.colcon_core.verb:set package 'amr_description' build argument 'ament_cmake_args' from command line to 'None'
[1.643s] Level 5:colcon.colcon_core.verb:set package 'amr_description' build argument 'catkin_cmake_args' from command line to 'None'
[1.643s] Level 5:colcon.colcon_core.verb:set package 'amr_description' build argument 'catkin_skip_building_tests' from command line to 'False'
[1.643s] DEBUG:colcon.colcon_core.verb:Building package 'amr_description' with the following arguments: {'ament_cmake_args': None, 'build_base': '/home/nathan/amr_path_planning_ws/build/amr_description', 'catkin_cmake_args': None, 'catkin_skip_building_tests': False, 'cmake_args': None, 'cmake_clean_cache': False, 'cmake_clean_first': False, 'cmake_force_configure': False, 'cmake_target': None, 'cmake_target_skip_unavailable': False, 'install_base': '/home/nathan/amr_path_planning_ws/install/amr_description', 'merge_install': False, 'path': '/home/nathan/amr_path_planning_ws/src/amr_description', 'symlink_install': False, 'test_result_base': None}
[1.662s] Level 5:colcon.colcon_core.verb:set package 'my_amr' build argument 'cmake_args' from command line to 'None'
[1.662s] Level 5:colcon.colcon_core.verb:set package 'my_amr' build argument 'cmake_target' from command line to 'None'
[1.662s] Level 5:colcon.colcon_core.verb:set package 'my_amr' build argument 'cmake_target_skip_unavailable' from command line to 'False'
[1.662s] Level 5:colcon.colcon_core.verb:set package 'my_amr' build argument 'cmake_clean_cache' from command line to 'False'
[1.662s] Level 5:colcon.colcon_core.verb:set package 'my_amr' build argument 'cmake_clean_first' from command line to 'False'
[1.662s] Level 5:colcon.colcon_core.verb:set package 'my_amr' build argument 'cmake_force_configure' from command line to 'False'
[1.662s] Level 5:colcon.colcon_core.verb:set package 'my_amr' build argument 'ament_cmake_args' from command line to 'None'
[1.662s] Level 5:colcon.colcon_core.verb:set package 'my_amr' build argument 'catkin_cmake_args' from command line to 'None'
[1.662s] Level 5:colcon.colcon_core.verb:set package 'my_amr' build argument 'catkin_skip_building_tests' from command line to 'False'
[1.662s] DEBUG:colcon.colcon_core.verb:Building package 'my_amr' with the following arguments: {'ament_cmake_args': None, 'build_base': '/home/nathan/amr_path_planning_ws/build/my_amr', 'catkin_cmake_args': None, 'catkin_skip_building_tests': False, 'cmake_args': None, 'cmake_clean_cache': False, 'cmake_clean_first': False, 'cmake_force_configure': False, 'cmake_target': None, 'cmake_target_skip_unavailable': False, 'install_base': '/home/nathan/amr_path_planning_ws/install/my_amr', 'merge_install': False, 'path': '/home/nathan/amr_path_planning_ws/src/my_amr', 'symlink_install': False, 'test_result_base': None}
[1.681s] INFO:colcon.colcon_core.executor:Executing jobs using 'parallel' executor
[1.700s] DEBUG:colcon.colcon_parallel_executor.executor.parallel:run_until_complete
[1.701s] INFO:colcon.colcon_ros.task.ament_cmake.build:Building ROS package in '/home/nathan/amr_path_planning_ws/src/amr_controller' with build type 'ament_cmake'
[1.701s] INFO:colcon.colcon_cmake.task.cmake.build:Building CMake package in '/home/nathan/amr_path_planning_ws/src/amr_controller'
[1.721s] INFO:colcon.colcon_core.plugin_system:Skipping extension 'colcon_core.shell.bat': Not used on non-Windows systems
[1.721s] INFO:colcon.colcon_core.shell:Skip shell extension 'powershell' for command environment: Not usable outside of PowerShell
[1.721s] DEBUG:colcon.colcon_core.shell:Skip shell extension 'dsv' for command environment
[1.836s] INFO:colcon.colcon_ros.task.ament_cmake.build:Building ROS package in '/home/nathan/amr_path_planning_ws/src/amr_description' with build type 'ament_cmake'
[1.836s] INFO:colcon.colcon_cmake.task.cmake.build:Building CMake package in '/home/nathan/amr_path_planning_ws/src/amr_description'
[1.853s] INFO:colcon.colcon_core.shell:Skip shell extension 'powershell' for command environment: Not usable outside of PowerShell
[1.853s] DEBUG:colcon.colcon_core.shell:Skip shell extension 'dsv' for command environment
[1.962s] INFO:colcon.colcon_ros.task.ament_python.build:Building ROS package in '/home/nathan/amr_path_planning_ws/src/my_amr' with build type 'ament_python'
[1.962s] Level 1:colcon.colcon_core.shell:create_environment_hook('my_amr', 'ament_prefix_path')
[1.983s] INFO:colcon.colcon_core.shell:Creating environment hook '/home/nathan/amr_path_planning_ws/install/my_amr/share/my_amr/hook/ament_prefix_path.ps1'
[1.983s] INFO:colcon.colcon_core.shell:Creating environment descriptor '/home/nathan/amr_path_planning_ws/install/my_amr/share/my_amr/hook/ament_prefix_path.dsv'
[1.984s] INFO:colcon.colcon_core.shell:Creating environment hook '/home/nathan/amr_path_planning_ws/install/my_amr/share/my_amr/hook/ament_prefix_path.sh'
[2.002s] INFO:colcon.colcon_core.shell:Skip shell extension 'powershell' for command environment: Not usable outside of PowerShell
[2.002s] DEBUG:colcon.colcon_core.shell:Skip shell extension 'dsv' for command environment
[2.114s] DEBUG:colcon.colcon_core.event_handler.log_command:Invoking command in '/home/nathan/amr_path_planning_ws/build/amr_controller': CMAKE_PREFIX_PATH=${CMAKE_PREFIX_PATH}:/home/nathan/amr_path_planning_ws/install/my_amr:/home/nathan/ROS2 Controller/bumperbot_ws/install/bumperbot_py_examples:/home/nathan/path_planning_ws/install/maze_bot:/opt/ros/humble /usr/bin/cmake --build /home/nathan/amr_path_planning_ws/build/amr_controller -- -j12 -l12
[2.119s] DEBUG:colcon.colcon_core.event_handler.log_command:Invoking command in '/home/nathan/amr_path_planning_ws/build/amr_description': CMAKE_PREFIX_PATH=${CMAKE_PREFIX_PATH}:/home/nathan/amr_path_planning_ws/install/my_amr:/home/nathan/ROS2 Controller/bumperbot_ws/install/bumperbot_py_examples:/home/nathan/path_planning_ws/install/maze_bot:/opt/ros/humble /usr/bin/cmake --build /home/nathan/amr_path_planning_ws/build/amr_description -- -j12 -l12
[2.402s] INFO:colcon.colcon_core.task.python.build:Building Python package in '/home/nathan/amr_path_planning_ws/src/my_amr'
[2.420s] INFO:colcon.colcon_core.shell:Skip shell extension 'powershell' for command environment: Not usable outside of PowerShell
[2.420s] DEBUG:colcon.colcon_core.shell:Skip shell extension 'dsv' for command environment
[2.537s] DEBUG:colcon.colcon_core.event_handler.log_command:Invoked command in '/home/nathan/amr_path_planning_ws/build/amr_controller' returned '0': CMAKE_PREFIX_PATH=${CMAKE_PREFIX_PATH}:/home/nathan/amr_path_planning_ws/install/my_amr:/home/nathan/ROS2 Controller/bumperbot_ws/install/bumperbot_py_examples:/home/nathan/path_planning_ws/install/maze_bot:/opt/ros/humble /usr/bin/cmake --build /home/nathan/amr_path_planning_ws/build/amr_controller -- -j12 -l12
[2.537s] DEBUG:colcon.colcon_core.event_handler.log_command:Invoked command in '/home/nathan/amr_path_planning_ws/build/amr_description' returned '0': CMAKE_PREFIX_PATH=${CMAKE_PREFIX_PATH}:/home/nathan/amr_path_planning_ws/install/my_amr:/home/nathan/ROS2 Controller/bumperbot_ws/install/bumperbot_py_examples:/home/nathan/path_planning_ws/install/maze_bot:/opt/ros/humble /usr/bin/cmake --build /home/nathan/amr_path_planning_ws/build/amr_description -- -j12 -l12
[2.558s] DEBUG:colcon.colcon_core.event_handler.log_command:Invoking command in '/home/nathan/amr_path_planning_ws/build/amr_description': CMAKE_PREFIX_PATH=${CMAKE_PREFIX_PATH}:/home/nathan/amr_path_planning_ws/install/my_amr:/home/nathan/ROS2 Controller/bumperbot_ws/install/bumperbot_py_examples:/home/nathan/path_planning_ws/install/maze_bot:/opt/ros/humble /usr/bin/cmake --install /home/nathan/amr_path_planning_ws/build/amr_description
[2.559s] DEBUG:colcon.colcon_core.event_handler.log_command:Invoking command in '/home/nathan/amr_path_planning_ws/build/amr_controller': CMAKE_PREFIX_PATH=${CMAKE_PREFIX_PATH}:/home/nathan/amr_path_planning_ws/install/my_amr:/home/nathan/ROS2 Controller/bumperbot_ws/install/bumperbot_py_examples:/home/nathan/path_planning_ws/install/maze_bot:/opt/ros/humble /usr/bin/cmake --install /home/nathan/amr_path_planning_ws/build/amr_controller
[2.566s] Level 1:colcon.colcon_core.environment:create_environment_scripts_only(amr_description)
[2.573s] DEBUG:colcon.colcon_core.event_handler.log_command:Invoked command in '/home/nathan/amr_path_planning_ws/build/amr_description' returned '0': CMAKE_PREFIX_PATH=${CMAKE_PREFIX_PATH}:/home/nathan/amr_path_planning_ws/install/my_amr:/home/nathan/ROS2 Controller/bumperbot_ws/install/bumperbot_py_examples:/home/nathan/path_planning_ws/install/maze_bot:/opt/ros/humble /usr/bin/cmake --install /home/nathan/amr_path_planning_ws/build/amr_description
[2.591s] Level 1:colcon.colcon_core.environment:checking '/home/nathan/amr_path_planning_ws/install/amr_description' for CMake module files
[2.591s] Level 1:colcon.colcon_core.environment:checking '/home/nathan/amr_path_planning_ws/install/amr_description' for CMake config files
[2.592s] Level 1:colcon.colcon_core.shell:create_environment_hook('amr_description', 'cmake_prefix_path')
[2.611s] INFO:colcon.colcon_core.shell:Creating environment hook '/home/nathan/amr_path_planning_ws/install/amr_description/share/amr_description/hook/cmake_prefix_path.ps1'
[2.611s] INFO:colcon.colcon_core.shell:Creating environment descriptor '/home/nathan/amr_path_planning_ws/install/amr_description/share/amr_description/hook/cmake_prefix_path.dsv'
[2.611s] INFO:colcon.colcon_core.shell:Creating environment hook '/home/nathan/amr_path_planning_ws/install/amr_description/share/amr_description/hook/cmake_prefix_path.sh'
[2.612s] Level 1:colcon.colcon_core.environment:checking '/home/nathan/amr_path_planning_ws/install/amr_description/bin'
[2.612s] Level 1:colcon.colcon_core.environment:checking '/home/nathan/amr_path_planning_ws/install/amr_description/lib/pkgconfig/amr_description.pc'
[2.612s] Level 1:colcon.colcon_core.environment:checking '/home/nathan/amr_path_planning_ws/install/amr_description/lib/python3.10/site-packages'
[2.612s] Level 1:colcon.colcon_core.environment:checking '/home/nathan/amr_path_planning_ws/install/amr_description/bin'
[2.631s] INFO:colcon.colcon_core.shell:Creating package script '/home/nathan/amr_path_planning_ws/install/amr_description/share/amr_description/package.ps1'
[2.632s] INFO:colcon.colcon_core.shell:Creating package descriptor '/home/nathan/amr_path_planning_ws/install/amr_description/share/amr_description/package.dsv'
[2.632s] INFO:colcon.colcon_core.shell:Creating package script '/home/nathan/amr_path_planning_ws/install/amr_description/share/amr_description/package.sh'
[2.633s] INFO:colcon.colcon_core.shell:Creating package script '/home/nathan/amr_path_planning_ws/install/amr_description/share/amr_description/package.bash'
[2.634s] INFO:colcon.colcon_core.shell:Creating package script '/home/nathan/amr_path_planning_ws/install/amr_description/share/amr_description/package.zsh'
[2.634s] Level 1:colcon.colcon_core.environment:create_file_with_runtime_dependencies(/home/nathan/amr_path_planning_ws/install/amr_description/share/colcon-core/packages/amr_description)
[2.635s] Level 1:colcon.colcon_core.environment:create_environment_scripts_only(amr_controller)
[2.635s] DEBUG:colcon.colcon_core.event_handler.log_command:Invoked command in '/home/nathan/amr_path_planning_ws/build/amr_controller' returned '0': CMAKE_PREFIX_PATH=${CMAKE_PREFIX_PATH}:/home/nathan/amr_path_planning_ws/install/my_amr:/home/nathan/ROS2 Controller/bumperbot_ws/install/bumperbot_py_examples:/home/nathan/path_planning_ws/install/maze_bot:/opt/ros/humble /usr/bin/cmake --install /home/nathan/amr_path_planning_ws/build/amr_controller
[2.655s] Level 1:colcon.colcon_core.environment:checking '/home/nathan/amr_path_planning_ws/install/amr_controller' for CMake module files
[2.655s] Level 1:colcon.colcon_core.environment:checking '/home/nathan/amr_path_planning_ws/install/amr_controller' for CMake config files
[2.655s] Level 1:colcon.colcon_core.shell:create_environment_hook('amr_controller', 'cmake_prefix_path')
[2.682s] INFO:colcon.colcon_core.shell:Creating environment hook '/home/nathan/amr_path_planning_ws/install/amr_controller/share/amr_controller/hook/cmake_prefix_path.ps1'
[2.683s] INFO:colcon.colcon_core.shell:Creating environment descriptor '/home/nathan/amr_path_planning_ws/install/amr_controller/share/amr_controller/hook/cmake_prefix_path.dsv'
[2.683s] INFO:colcon.colcon_core.shell:Creating environment hook '/home/nathan/amr_path_planning_ws/install/amr_controller/share/amr_controller/hook/cmake_prefix_path.sh'
[2.683s] Level 1:colcon.colcon_core.environment:checking '/home/nathan/amr_path_planning_ws/install/amr_controller/lib'
[2.684s] Level 1:colcon.colcon_core.environment:checking '/home/nathan/amr_path_planning_ws/install/amr_controller/bin'
[2.684s] Level 1:colcon.colcon_core.environment:checking '/home/nathan/amr_path_planning_ws/install/amr_controller/lib/pkgconfig/amr_controller.pc'
[2.684s] Level 1:colcon.colcon_core.environment:checking '/home/nathan/amr_path_planning_ws/install/amr_controller/lib/python3.10/site-packages'
[2.684s] Level 1:colcon.colcon_core.environment:checking '/home/nathan/amr_path_planning_ws/install/amr_controller/bin'
[2.704s] INFO:colcon.colcon_core.shell:Creating package script '/home/nathan/amr_path_planning_ws/install/amr_controller/share/amr_controller/package.ps1'
[2.704s] INFO:colcon.colcon_core.shell:Creating package descriptor '/home/nathan/amr_path_planning_ws/install/amr_controller/share/amr_controller/package.dsv'
[2.704s] INFO:colcon.colcon_core.shell:Creating package script '/home/nathan/amr_path_planning_ws/install/amr_controller/share/amr_controller/package.sh'
[2.705s] INFO:colcon.colcon_core.shell:Creating package script '/home/nathan/amr_path_planning_ws/install/amr_controller/share/amr_controller/package.bash'
[2.705s] INFO:colcon.colcon_core.shell:Creating package script '/home/nathan/amr_path_planning_ws/install/amr_controller/share/amr_controller/package.zsh'
[2.705s] Level 1:colcon.colcon_core.environment:create_file_with_runtime_dependencies(/home/nathan/amr_path_planning_ws/install/amr_controller/share/colcon-core/packages/amr_controller)
[2.726s] Level 1:colcon.colcon_core.environment:create_environment_scripts_only(amr_description)
[2.745s] Level 1:colcon.colcon_core.environment:checking '/home/nathan/amr_path_planning_ws/install/amr_description' for CMake module files
[2.746s] Level 1:colcon.colcon_core.environment:checking '/home/nathan/amr_path_planning_ws/install/amr_description' for CMake config files
[2.746s] Level 1:colcon.colcon_core.shell:create_environment_hook('amr_description', 'cmake_prefix_path')
[2.765s] INFO:colcon.colcon_core.shell:Creating environment hook '/home/nathan/amr_path_planning_ws/install/amr_description/share/amr_description/hook/cmake_prefix_path.ps1'
[2.766s] INFO:colcon.colcon_core.shell:Creating environment descriptor '/home/nathan/amr_path_planning_ws/install/amr_description/share/amr_description/hook/cmake_prefix_path.dsv'
[2.766s] INFO:colcon.colcon_core.shell:Creating environment hook '/home/nathan/amr_path_planning_ws/install/amr_description/share/amr_description/hook/cmake_prefix_path.sh'
[2.766s] Level 1:colcon.colcon_core.environment:checking '/home/nathan/amr_path_planning_ws/install/amr_description/bin'
[2.766s] Level 1:colcon.colcon_core.environment:checking '/home/nathan/amr_path_planning_ws/install/amr_description/lib/pkgconfig/amr_description.pc'
[2.766s] Level 1:colcon.colcon_core.environment:checking '/home/nathan/amr_path_planning_ws/install/amr_description/lib/python3.10/site-packages'
[2.767s] Level 1:colcon.colcon_core.environment:checking '/home/nathan/amr_path_planning_ws/install/amr_description/bin'
[2.786s] INFO:colcon.colcon_core.shell:Creating package script '/home/nathan/amr_path_planning_ws/install/amr_description/share/amr_description/package.ps1'
[2.786s] INFO:colcon.colcon_core.shell:Creating package descriptor '/home/nathan/amr_path_planning_ws/install/amr_description/share/amr_description/package.dsv'
[2.787s] INFO:colcon.colcon_core.shell:Creating package script '/home/nathan/amr_path_planning_ws/install/amr_description/share/amr_description/package.sh'
[2.787s] INFO:colcon.colcon_core.shell:Creating package script '/home/nathan/amr_path_planning_ws/install/amr_description/share/amr_description/package.bash'
[2.787s] INFO:colcon.colcon_core.shell:Creating package script '/home/nathan/amr_path_planning_ws/install/amr_description/share/amr_description/package.zsh'
[2.788s] Level 1:colcon.colcon_core.environment:create_file_with_runtime_dependencies(/home/nathan/amr_path_planning_ws/install/amr_description/share/colcon-core/packages/amr_description)
[2.808s] Level 1:colcon.colcon_core.environment:create_environment_scripts_only(amr_controller)
[2.828s] Level 1:colcon.colcon_core.environment:checking '/home/nathan/amr_path_planning_ws/install/amr_controller' for CMake module files
[2.828s] Level 1:colcon.colcon_core.environment:checking '/home/nathan/amr_path_planning_ws/install/amr_controller' for CMake config files
[2.828s] Level 1:colcon.colcon_core.shell:create_environment_hook('amr_controller', 'cmake_prefix_path')
[2.848s] INFO:colcon.colcon_core.shell:Creating environment hook '/home/nathan/amr_path_planning_ws/install/amr_controller/share/amr_controller/hook/cmake_prefix_path.ps1'
[2.848s] INFO:colcon.colcon_core.shell:Creating environment descriptor '/home/nathan/amr_path_planning_ws/install/amr_controller/share/amr_controller/hook/cmake_prefix_path.dsv'
[2.848s] INFO:colcon.colcon_core.shell:Creating environment hook '/home/nathan/amr_path_planning_ws/install/amr_controller/share/amr_controller/hook/cmake_prefix_path.sh'
[2.849s] Level 1:colcon.colcon_core.environment:checking '/home/nathan/amr_path_planning_ws/install/amr_controller/lib'
[2.849s] Level 1:colcon.colcon_core.environment:checking '/home/nathan/amr_path_planning_ws/install/amr_controller/bin'
[2.849s] Level 1:colcon.colcon_core.environment:checking '/home/nathan/amr_path_planning_ws/install/amr_controller/lib/pkgconfig/amr_controller.pc'
[2.849s] Level 1:colcon.colcon_core.environment:checking '/home/nathan/amr_path_planning_ws/install/amr_controller/lib/python3.10/site-packages'
[2.849s] Level 1:colcon.colcon_core.environment:checking '/home/nathan/amr_path_planning_ws/install/amr_controller/bin'
[2.868s] INFO:colcon.colcon_core.shell:Creating package script '/home/nathan/amr_path_planning_ws/install/amr_controller/share/amr_controller/package.ps1'
[2.869s] INFO:colcon.colcon_core.shell:Creating package descriptor '/home/nathan/amr_path_planning_ws/install/amr_controller/share/amr_controller/package.dsv'
[2.869s] INFO:colcon.colcon_core.shell:Creating package script '/home/nathan/amr_path_planning_ws/install/amr_controller/share/amr_controller/package.sh'
[2.869s] INFO:colcon.colcon_core.shell:Creating package script '/home/nathan/amr_path_planning_ws/install/amr_controller/share/amr_controller/package.bash'
[2.870s] INFO:colcon.colcon_core.shell:Creating package script '/home/nathan/amr_path_planning_ws/install/amr_controller/share/amr_controller/package.zsh'
[2.870s] Level 1:colcon.colcon_core.environment:create_file_with_runtime_dependencies(/home/nathan/amr_path_planning_ws/install/amr_controller/share/colcon-core/packages/amr_controller)
[2.921s] DEBUG:colcon.colcon_core.event_handler.log_command:Invoking command in '/home/nathan/amr_path_planning_ws/src/my_amr': PYTHONPATH=/home/nathan/amr_path_planning_ws/build/my_amr/prefix_override:/home/nathan/amr_path_planning_ws/install/my_amr/lib/python3.10/site-packages:${PYTHONPATH} /usr/bin/python3 setup.py egg_info --egg-base ../../build/my_amr build --build-base /home/nathan/amr_path_planning_ws/build/my_amr/build install --record /home/nathan/amr_path_planning_ws/build/my_amr/install.log --single-version-externally-managed
[3.231s] DEBUG:colcon.colcon_core.event_handler.log_command:Invoked command in '/home/nathan/amr_path_planning_ws/src/my_amr' returned '0': PYTHONPATH=/home/nathan/amr_path_planning_ws/build/my_amr/prefix_override:/home/nathan/amr_path_planning_ws/install/my_amr/lib/python3.10/site-packages:${PYTHONPATH} /usr/bin/python3 setup.py egg_info --egg-base ../../build/my_amr build --build-base /home/nathan/amr_path_planning_ws/build/my_amr/build install --record /home/nathan/amr_path_planning_ws/build/my_amr/install.log --single-version-externally-managed
[3.247s] Level 1:colcon.colcon_core.environment:checking '/home/nathan/amr_path_planning_ws/install/my_amr' for CMake module files
[3.248s] Level 1:colcon.colcon_core.environment:checking '/home/nathan/amr_path_planning_ws/install/my_amr' for CMake config files
[3.248s] Level 1:colcon.colcon_core.environment:checking '/home/nathan/amr_path_planning_ws/install/my_amr/lib'
[3.248s] Level 1:colcon.colcon_core.environment:checking '/home/nathan/amr_path_planning_ws/install/my_amr/bin'
[3.248s] Level 1:colcon.colcon_core.environment:checking '/home/nathan/amr_path_planning_ws/install/my_amr/lib/pkgconfig/my_amr.pc'
[3.248s] Level 1:colcon.colcon_core.environment:checking '/home/nathan/amr_path_planning_ws/install/my_amr/lib/python3.10/site-packages'
[3.248s] Level 1:colcon.colcon_core.shell:create_environment_hook('my_amr', 'pythonpath')
[3.265s] INFO:colcon.colcon_core.shell:Creating environment hook '/home/nathan/amr_path_planning_ws/install/my_amr/share/my_amr/hook/pythonpath.ps1'
[3.265s] INFO:colcon.colcon_core.shell:Creating environment descriptor '/home/nathan/amr_path_planning_ws/install/my_amr/share/my_amr/hook/pythonpath.dsv'
[3.265s] INFO:colcon.colcon_core.shell:Creating environment hook '/home/nathan/amr_path_planning_ws/install/my_amr/share/my_amr/hook/pythonpath.sh'
[3.266s] Level 1:colcon.colcon_core.environment:checking '/home/nathan/amr_path_planning_ws/install/my_amr/bin'
[3.266s] Level 1:colcon.colcon_core.environment:create_environment_scripts_only(my_amr)
[3.283s] INFO:colcon.colcon_core.shell:Creating package script '/home/nathan/amr_path_planning_ws/install/my_amr/share/my_amr/package.ps1'
[3.284s] INFO:colcon.colcon_core.shell:Creating package descriptor '/home/nathan/amr_path_planning_ws/install/my_amr/share/my_amr/package.dsv'
[3.284s] INFO:colcon.colcon_core.shell:Creating package script '/home/nathan/amr_path_planning_ws/install/my_amr/share/my_amr/package.sh'
[3.284s] INFO:colcon.colcon_core.shell:Creating package script '/home/nathan/amr_path_planning_ws/install/my_amr/share/my_amr/package.bash'
[3.284s] INFO:colcon.colcon_core.shell:Creating package script '/home/nathan/amr_path_planning_ws/install/my_amr/share/my_amr/package.zsh'
[3.285s] Level 1:colcon.colcon_core.environment:create_file_with_runtime_dependencies(/home/nathan/amr_path_planning_ws/install/my_amr/share/colcon-core/packages/my_amr)
[3.285s] DEBUG:colcon.colcon_parallel_executor.executor.parallel:closing loop
[3.285s] DEBUG:colcon.colcon_parallel_executor.executor.parallel:loop closed
[3.285s] DEBUG:colcon.colcon_parallel_executor.executor.parallel:run_until_complete finished with '0'
[3.285s] DEBUG:colcon.colcon_core.event_reactor:joining thread
[3.306s] INFO:colcon.colcon_core.plugin_system:Skipping extension 'colcon_notification.desktop_notification.terminal_notifier': Not used on non-Darwin systems
[3.306s] INFO:colcon.colcon_core.plugin_system:Skipping extension 'colcon_notification.desktop_notification.win32': Not used on non-Windows systems
[3.306s] INFO:colcon.colcon_notification.desktop_notification:Sending desktop notification using 'notify2'
[3.313s] DEBUG:colcon.colcon_core.event_reactor:joined thread
[3.330s] INFO:colcon.colcon_core.shell:Creating prefix script '/home/nathan/amr_path_planning_ws/install/local_setup.ps1'
[3.331s] INFO:colcon.colcon_core.shell:Creating prefix util module '/home/nathan/amr_path_planning_ws/install/_local_setup_util_ps1.py'
[3.332s] INFO:colcon.colcon_core.shell:Creating prefix chain script '/home/nathan/amr_path_planning_ws/install/setup.ps1'
[3.351s] INFO:colcon.colcon_core.shell:Creating prefix script '/home/nathan/amr_path_planning_ws/install/local_setup.sh'
[3.352s] INFO:colcon.colcon_core.shell:Creating prefix util module '/home/nathan/amr_path_planning_ws/install/_local_setup_util_sh.py'
[3.352s] INFO:colcon.colcon_core.shell:Creating prefix chain script '/home/nathan/amr_path_planning_ws/install/setup.sh'
[3.372s] INFO:colcon.colcon_core.shell:Creating prefix script '/home/nathan/amr_path_planning_ws/install/local_setup.bash'
[3.373s] INFO:colcon.colcon_core.shell:Creating prefix chain script '/home/nathan/amr_path_planning_ws/install/setup.bash'
[3.392s] INFO:colcon.colcon_core.shell:Creating prefix script '/home/nathan/amr_path_planning_ws/install/local_setup.zsh'
[3.392s] INFO:colcon.colcon_core.shell:Creating prefix chain script '/home/nathan/amr_path_planning_ws/install/setup.zsh'
