running egg_info
creating ../build/my_amr/my_amr.egg-info
writing ../build/my_amr/my_amr.egg-info/PKG-INFO
writing dependency_links to ../build/my_amr/my_amr.egg-info/dependency_links.txt
writing entry points to ../build/my_amr/my_amr.egg-info/entry_points.txt
writing requirements to ../build/my_amr/my_amr.egg-info/requires.txt
writing top-level names to ../build/my_amr/my_amr.egg-info/top_level.txt
writing manifest file '../build/my_amr/my_amr.egg-info/SOURCES.txt'
reading manifest file '../build/my_amr/my_amr.egg-info/SOURCES.txt'
writing manifest file '../build/my_amr/my_amr.egg-info/SOURCES.txt'
running build
running build_py
creating /home/nathan/amr_path_planning_ws/build/my_amr/build
creating /home/nathan/amr_path_planning_ws/build/my_amr/build/lib
creating /home/nathan/amr_path_planning_ws/build/my_amr/build/lib/my_amr
copying my_amr/driving_node.py -> /home/nathan/amr_path_planning_ws/build/my_amr/build/lib/my_amr
copying my_amr/__init__.py -> /home/nathan/amr_path_planning_ws/build/my_amr/build/lib/my_amr
running install
running install_lib
creating /home/nathan/amr_path_planning_ws/install/my_amr/lib/python3.10/site-packages/my_amr
copying /home/nathan/amr_path_planning_ws/build/my_amr/build/lib/my_amr/driving_node.py -> /home/nathan/amr_path_planning_ws/install/my_amr/lib/python3.10/site-packages/my_amr
copying /home/nathan/amr_path_planning_ws/build/my_amr/build/lib/my_amr/__init__.py -> /home/nathan/amr_path_planning_ws/install/my_amr/lib/python3.10/site-packages/my_amr
byte-compiling /home/nathan/amr_path_planning_ws/install/my_amr/lib/python3.10/site-packages/my_amr/driving_node.py to driving_node.cpython-310.pyc
byte-compiling /home/nathan/amr_path_planning_ws/install/my_amr/lib/python3.10/site-packages/my_amr/__init__.py to __init__.cpython-310.pyc
running install_data
creating /home/nathan/amr_path_planning_ws/install/my_amr/share/ament_index
creating /home/nathan/amr_path_planning_ws/install/my_amr/share/ament_index/resource_index
creating /home/nathan/amr_path_planning_ws/install/my_amr/share/ament_index/resource_index/packages
copying resource/my_amr -> /home/nathan/amr_path_planning_ws/install/my_amr/share/ament_index/resource_index/packages
copying package.xml -> /home/nathan/amr_path_planning_ws/install/my_amr/share/my_amr
creating /home/nathan/amr_path_planning_ws/install/my_amr/share/my_amr/launch
copying launch/start_world.launch.py -> /home/nathan/amr_path_planning_ws/install/my_amr/share/my_amr/launch
copying launch/spawn_robot_description.launch.py -> /home/nathan/amr_path_planning_ws/install/my_amr/share/my_amr/launch
copying launch/display.launch.py -> /home/nathan/amr_path_planning_ws/install/my_amr/share/my_amr/launch
creating /home/nathan/amr_path_planning_ws/install/my_amr/share/my_amr/urdf
copying urdf/amr.urdf -> /home/nathan/amr_path_planning_ws/install/my_amr/share/my_amr/urdf
creating /home/nathan/amr_path_planning_ws/install/my_amr/share/my_amr/meshes
copying meshes/top_final.dae -> /home/nathan/amr_path_planning_ws/install/my_amr/share/my_amr/meshes
copying meshes/assem copy.stl -> /home/nathan/amr_path_planning_ws/install/my_amr/share/my_amr/meshes
copying meshes/inner_final.dae -> /home/nathan/amr_path_planning_ws/install/my_amr/share/my_amr/meshes
copying meshes/base_final.stl -> /home/nathan/amr_path_planning_ws/install/my_amr/share/my_amr/meshes
copying meshes/kinect.dae -> /home/nathan/amr_path_planning_ws/install/my_amr/share/my_amr/meshes
copying meshes/inner_final.stl -> /home/nathan/amr_path_planning_ws/install/my_amr/share/my_amr/meshes
copying meshes/top_final.stl -> /home/nathan/amr_path_planning_ws/install/my_amr/share/my_amr/meshes
copying meshes/lidar.dae -> /home/nathan/amr_path_planning_ws/install/my_amr/share/my_amr/meshes
copying meshes/shaft_final.stl -> /home/nathan/amr_path_planning_ws/install/my_amr/share/my_amr/meshes
copying meshes/top_plate_final.stl -> /home/nathan/amr_path_planning_ws/install/my_amr/share/my_amr/meshes
copying meshes/lidar.stl -> /home/nathan/amr_path_planning_ws/install/my_amr/share/my_amr/meshes
copying meshes/shaft_final.dae -> /home/nathan/amr_path_planning_ws/install/my_amr/share/my_amr/meshes
copying meshes/assem.stl -> /home/nathan/amr_path_planning_ws/install/my_amr/share/my_amr/meshes
copying meshes/Base_final.dae -> /home/nathan/amr_path_planning_ws/install/my_amr/share/my_amr/meshes
copying meshes/Base_final.stl -> /home/nathan/amr_path_planning_ws/install/my_amr/share/my_amr/meshes
copying meshes/outer_final.stl -> /home/nathan/amr_path_planning_ws/install/my_amr/share/my_amr/meshes
copying meshes/kinect.stl -> /home/nathan/amr_path_planning_ws/install/my_amr/share/my_amr/meshes
copying meshes/top_plate_final.dae -> /home/nathan/amr_path_planning_ws/install/my_amr/share/my_amr/meshes
copying meshes/outer_final.dae -> /home/nathan/amr_path_planning_ws/install/my_amr/share/my_amr/meshes
creating /home/nathan/amr_path_planning_ws/install/my_amr/share/my_amr/worlds
running install_egg_info
Copying ../build/my_amr/my_amr.egg-info to /home/nathan/amr_path_planning_ws/install/my_amr/lib/python3.10/site-packages/my_amr-0.0.0-py3.10.egg-info
running install_scripts
Installing driving_amr script to /home/nathan/amr_path_planning_ws/install/my_amr/lib/my_amr
writing list of installed files to '/home/nathan/amr_path_planning_ws/build/my_amr/install.log'
