[0.682s] Invoking command in '/home/nathan/amr_path_planning_ws/my_amr': PYTHONPATH=/home/nathan/amr_path_planning_ws/build/my_amr/prefix_override:/home/nathan/amr_path_planning_ws/install/my_amr/lib/python3.10/site-packages:${PYTHONPATH} /usr/bin/python3 setup.py egg_info --egg-base ../build/my_amr build --build-base /home/nathan/amr_path_planning_ws/build/my_amr/build install --record /home/nathan/amr_path_planning_ws/build/my_amr/install.log --single-version-externally-managed
[0.898s] running egg_info
[0.899s] creating ../build/my_amr/my_amr.egg-info
[0.899s] writing ../build/my_amr/my_amr.egg-info/PKG-INFO
[0.899s] writing dependency_links to ../build/my_amr/my_amr.egg-info/dependency_links.txt
[0.899s] writing entry points to ../build/my_amr/my_amr.egg-info/entry_points.txt
[0.899s] writing requirements to ../build/my_amr/my_amr.egg-info/requires.txt
[0.899s] writing top-level names to ../build/my_amr/my_amr.egg-info/top_level.txt
[0.899s] writing manifest file '../build/my_amr/my_amr.egg-info/SOURCES.txt'
[0.901s] reading manifest file '../build/my_amr/my_amr.egg-info/SOURCES.txt'
[0.901s] writing manifest file '../build/my_amr/my_amr.egg-info/SOURCES.txt'
[0.901s] running build
[0.901s] running build_py
[0.901s] creating /home/nathan/amr_path_planning_ws/build/my_amr/build
[0.902s] creating /home/nathan/amr_path_planning_ws/build/my_amr/build/lib
[0.902s] creating /home/nathan/amr_path_planning_ws/build/my_amr/build/lib/my_amr
[0.902s] copying my_amr/driving_node.py -> /home/nathan/amr_path_planning_ws/build/my_amr/build/lib/my_amr
[0.902s] copying my_amr/__init__.py -> /home/nathan/amr_path_planning_ws/build/my_amr/build/lib/my_amr
[0.902s] running install
[0.902s] running install_lib
[0.902s] creating /home/nathan/amr_path_planning_ws/install/my_amr/lib/python3.10/site-packages/my_amr
[0.902s] copying /home/nathan/amr_path_planning_ws/build/my_amr/build/lib/my_amr/driving_node.py -> /home/nathan/amr_path_planning_ws/install/my_amr/lib/python3.10/site-packages/my_amr
[0.903s] copying /home/nathan/amr_path_planning_ws/build/my_amr/build/lib/my_amr/__init__.py -> /home/nathan/amr_path_planning_ws/install/my_amr/lib/python3.10/site-packages/my_amr
[0.903s] byte-compiling /home/nathan/amr_path_planning_ws/install/my_amr/lib/python3.10/site-packages/my_amr/driving_node.py to driving_node.cpython-310.pyc
[0.903s] byte-compiling /home/nathan/amr_path_planning_ws/install/my_amr/lib/python3.10/site-packages/my_amr/__init__.py to __init__.cpython-310.pyc
[0.903s] running install_data
[0.904s] creating /home/nathan/amr_path_planning_ws/install/my_amr/share/ament_index
[0.904s] creating /home/nathan/amr_path_planning_ws/install/my_amr/share/ament_index/resource_index
[0.904s] creating /home/nathan/amr_path_planning_ws/install/my_amr/share/ament_index/resource_index/packages
[0.904s] copying resource/my_amr -> /home/nathan/amr_path_planning_ws/install/my_amr/share/ament_index/resource_index/packages
[0.904s] copying package.xml -> /home/nathan/amr_path_planning_ws/install/my_amr/share/my_amr
[0.904s] creating /home/nathan/amr_path_planning_ws/install/my_amr/share/my_amr/launch
[0.904s] copying launch/start_world.launch.py -> /home/nathan/amr_path_planning_ws/install/my_amr/share/my_amr/launch
[0.904s] copying launch/spawn_robot_description.launch.py -> /home/nathan/amr_path_planning_ws/install/my_amr/share/my_amr/launch
[0.904s] copying launch/display.launch.py -> /home/nathan/amr_path_planning_ws/install/my_amr/share/my_amr/launch
[0.904s] creating /home/nathan/amr_path_planning_ws/install/my_amr/share/my_amr/urdf
[0.904s] copying urdf/amr.urdf -> /home/nathan/amr_path_planning_ws/install/my_amr/share/my_amr/urdf
[0.904s] creating /home/nathan/amr_path_planning_ws/install/my_amr/share/my_amr/meshes
[0.904s] copying meshes/top_final.dae -> /home/nathan/amr_path_planning_ws/install/my_amr/share/my_amr/meshes
[0.905s] copying meshes/assem copy.stl -> /home/nathan/amr_path_planning_ws/install/my_amr/share/my_amr/meshes
[0.906s] copying meshes/inner_final.dae -> /home/nathan/amr_path_planning_ws/install/my_amr/share/my_amr/meshes
[0.907s] copying meshes/base_final.stl -> /home/nathan/amr_path_planning_ws/install/my_amr/share/my_amr/meshes
[0.907s] copying meshes/kinect.dae -> /home/nathan/amr_path_planning_ws/install/my_amr/share/my_amr/meshes
[0.907s] copying meshes/inner_final.stl -> /home/nathan/amr_path_planning_ws/install/my_amr/share/my_amr/meshes
[0.907s] copying meshes/top_final.stl -> /home/nathan/amr_path_planning_ws/install/my_amr/share/my_amr/meshes
[0.907s] copying meshes/lidar.dae -> /home/nathan/amr_path_planning_ws/install/my_amr/share/my_amr/meshes
[0.908s] copying meshes/shaft_final.stl -> /home/nathan/amr_path_planning_ws/install/my_amr/share/my_amr/meshes
[0.908s] copying meshes/top_plate_final.stl -> /home/nathan/amr_path_planning_ws/install/my_amr/share/my_amr/meshes
[0.908s] copying meshes/lidar.stl -> /home/nathan/amr_path_planning_ws/install/my_amr/share/my_amr/meshes
[0.908s] copying meshes/shaft_final.dae -> /home/nathan/amr_path_planning_ws/install/my_amr/share/my_amr/meshes
[0.908s] copying meshes/assem.stl -> /home/nathan/amr_path_planning_ws/install/my_amr/share/my_amr/meshes
[0.910s] copying meshes/Base_final.dae -> /home/nathan/amr_path_planning_ws/install/my_amr/share/my_amr/meshes
[0.910s] copying meshes/Base_final.stl -> /home/nathan/amr_path_planning_ws/install/my_amr/share/my_amr/meshes
[0.910s] copying meshes/outer_final.stl -> /home/nathan/amr_path_planning_ws/install/my_amr/share/my_amr/meshes
[0.910s] copying meshes/kinect.stl -> /home/nathan/amr_path_planning_ws/install/my_amr/share/my_amr/meshes
[0.911s] copying meshes/top_plate_final.dae -> /home/nathan/amr_path_planning_ws/install/my_amr/share/my_amr/meshes
[0.911s] copying meshes/outer_final.dae -> /home/nathan/amr_path_planning_ws/install/my_amr/share/my_amr/meshes
[0.911s] creating /home/nathan/amr_path_planning_ws/install/my_amr/share/my_amr/worlds
[0.911s] running install_egg_info
[0.913s] Copying ../build/my_amr/my_amr.egg-info to /home/nathan/amr_path_planning_ws/install/my_amr/lib/python3.10/site-packages/my_amr-0.0.0-py3.10.egg-info
[0.913s] running install_scripts
[0.929s] Installing driving_amr script to /home/nathan/amr_path_planning_ws/install/my_amr/lib/my_amr
[0.930s] writing list of installed files to '/home/nathan/amr_path_planning_ws/build/my_amr/install.log'
[0.947s] Invoked command in '/home/nathan/amr_path_planning_ws/my_amr' returned '0': PYTHONPATH=/home/nathan/amr_path_planning_ws/build/my_amr/prefix_override:/home/nathan/amr_path_planning_ws/install/my_amr/lib/python3.10/site-packages:${PYTHONPATH} /usr/bin/python3 setup.py egg_info --egg-base ../build/my_amr build --build-base /home/nathan/amr_path_planning_ws/build/my_amr/build install --record /home/nathan/amr_path_planning_ws/build/my_amr/install.log --single-version-externally-managed
