-- Found ament_cmake: 1.3.6 (/opt/ros/humble/share/ament_cmake/cmake)
-- Found rclcpp: 16.0.7 (/opt/ros/humble/share/rclcpp/cmake)
-- Found rosidl_generator_c: 3.1.5 (/opt/ros/humble/share/rosidl_generator_c/cmake)
-- Found rosidl_adapter: 3.1.5 (/opt/ros/humble/share/rosidl_adapter/cmake)
-- Found rosidl_generator_cpp: 3.1.5 (/opt/ros/humble/share/rosidl_generator_cpp/cmake)
-- Using all available rosidl_typesupport_c: rosidl_typesupport_fastrtps_c;rosidl_typesupport_introspection_c
-- Using all available rosidl_typesupport_cpp: rosidl_typesupport_fastrtps_cpp;rosidl_typesupport_introspection_cpp
-- Found rmw_implementation_cmake: 6.1.1 (/opt/ros/humble/share/rmw_implementation_cmake/cmake)
-- Found rmw_fastrtps_cpp: 6.2.5 (/opt/ros/humble/share/rmw_fastrtps_cpp/cmake)
-- Found OpenSSL: /usr/lib/x86_64-linux-gnu/libcrypto.so (found version "3.0.2")  
-- Found FastRTPS: /opt/ros/humble/include  
-- Using RMW implementation 'rmw_fastrtps_cpp' as default
-- Looking for pthread.h
-- Looking for pthread.h - found
-- Performing Test CMAKE_HAVE_LIBC_PTHREAD
-- Performing Test CMAKE_HAVE_LIBC_PTHREAD - Success
-- Found Threads: TRUE  
-- Found rclpy: 3.3.11 (/opt/ros/humble/share/rclpy/cmake)
-- Found geometry_msgs: 4.2.3 (/opt/ros/humble/share/geometry_msgs/cmake)
-- Configuring done
-- Generating done
-- Build files have been written to: /home/nathan/amr_path_planning_ws/build/amr_controller
[ 50%] [32mBuilding CXX object CMakeFiles/simple_controller.dir/src/simple_controller.cpp.o[0m
[100%] [32m[1mLinking CXX executable simple_controller[0m
[100%] Built target simple_controller
-- Install configuration: ""
-- Installing: /home/nathan/amr_path_planning_ws/install/amr_controller/include/include
-- Installing: /home/nathan/amr_path_planning_ws/install/amr_controller/include/include/amr_controller
-- Installing: /home/nathan/amr_path_planning_ws/install/amr_controller/include/include/amr_controller/simple_controller.hpp
-- Installing: /home/nathan/amr_path_planning_ws/install/amr_controller/lib/amr_controller/simple_controller
-- Set runtime path of "/home/nathan/amr_path_planning_ws/install/amr_controller/lib/amr_controller/simple_controller" to ""
-- Up-to-date: /home/nathan/amr_path_planning_ws/install/amr_controller/share/amr_controller/launch
-- Installing: /home/nathan/amr_path_planning_ws/install/amr_controller/share/amr_controller/launch/controller.launch.py
-- Up-to-date: /home/nathan/amr_path_planning_ws/install/amr_controller/share/amr_controller/config
-- Installing: /home/nathan/amr_path_planning_ws/install/amr_controller/share/amr_controller/config/amr_controllers.yaml
-- Installing: /home/nathan/amr_path_planning_ws/install/amr_controller/share/amr_controller/config/joy_config.yaml
-- Installing: /home/nathan/amr_path_planning_ws/install/amr_controller/share/amr_controller/config/joy_teleop.yaml
