[0.663s] Invoking command in '/home/nathan/amr_path_planning_ws/src/my_amr': PYTHONPATH=/home/nathan/amr_path_planning_ws/build/my_amr/prefix_override:/home/nathan/amr_path_planning_ws/install/my_amr/lib/python3.10/site-packages:${PYTHONPATH} /usr/bin/python3 setup.py egg_info --egg-base ../../build/my_amr build --build-base /home/nathan/amr_path_planning_ws/build/my_amr/build install --record /home/nathan/amr_path_planning_ws/build/my_amr/install.log --single-version-externally-managed
[0.873s] running egg_info
[0.873s] writing ../../build/my_amr/my_amr.egg-info/PKG-INFO
[0.874s] writing dependency_links to ../../build/my_amr/my_amr.egg-info/dependency_links.txt
[0.874s] writing entry points to ../../build/my_amr/my_amr.egg-info/entry_points.txt
[0.874s] writing requirements to ../../build/my_amr/my_amr.egg-info/requires.txt
[0.874s] writing top-level names to ../../build/my_amr/my_amr.egg-info/top_level.txt
[0.875s] reading manifest file '../../build/my_amr/my_amr.egg-info/SOURCES.txt'
[0.876s] writing manifest file '../../build/my_amr/my_amr.egg-info/SOURCES.txt'
[0.876s] running build
[0.876s] running build_py
[0.876s] copying my_amr/driving_node.py -> /home/nathan/amr_path_planning_ws/build/my_amr/build/lib/my_amr
[0.876s] copying my_amr/__init__.py -> /home/nathan/amr_path_planning_ws/build/my_amr/build/lib/my_amr
[0.876s] running install
[0.877s] running install_lib
[0.877s] copying /home/nathan/amr_path_planning_ws/build/my_amr/build/lib/my_amr/driving_node.py -> /home/nathan/amr_path_planning_ws/install/my_amr/lib/python3.10/site-packages/my_amr
[0.877s] copying /home/nathan/amr_path_planning_ws/build/my_amr/build/lib/my_amr/__init__.py -> /home/nathan/amr_path_planning_ws/install/my_amr/lib/python3.10/site-packages/my_amr
[0.877s] byte-compiling /home/nathan/amr_path_planning_ws/install/my_amr/lib/python3.10/site-packages/my_amr/driving_node.py to driving_node.cpython-310.pyc
[0.878s] byte-compiling /home/nathan/amr_path_planning_ws/install/my_amr/lib/python3.10/site-packages/my_amr/__init__.py to __init__.cpython-310.pyc
[0.878s] running install_data
[0.878s] copying resource/my_amr -> /home/nathan/amr_path_planning_ws/install/my_amr/share/ament_index/resource_index/packages
[0.878s] copying package.xml -> /home/nathan/amr_path_planning_ws/install/my_amr/share/my_amr
[0.878s] copying launch/start_world.launch.py -> /home/nathan/amr_path_planning_ws/install/my_amr/share/my_amr/launch
[0.879s] copying launch/spawn_robot_description.launch.py -> /home/nathan/amr_path_planning_ws/install/my_amr/share/my_amr/launch
[0.879s] copying launch/display.launch.py -> /home/nathan/amr_path_planning_ws/install/my_amr/share/my_amr/launch
[0.879s] copying urdf/amr.urdf -> /home/nathan/amr_path_planning_ws/install/my_amr/share/my_amr/urdf
[0.879s] copying meshes/top_final.dae -> /home/nathan/amr_path_planning_ws/install/my_amr/share/my_amr/meshes
[0.879s] copying meshes/assem copy.stl -> /home/nathan/amr_path_planning_ws/install/my_amr/share/my_amr/meshes
[0.881s] copying meshes/inner_final.dae -> /home/nathan/amr_path_planning_ws/install/my_amr/share/my_amr/meshes
[0.882s] copying meshes/base_final.stl -> /home/nathan/amr_path_planning_ws/install/my_amr/share/my_amr/meshes
[0.882s] copying meshes/kinect.dae -> /home/nathan/amr_path_planning_ws/install/my_amr/share/my_amr/meshes
[0.882s] copying meshes/inner_final.stl -> /home/nathan/amr_path_planning_ws/install/my_amr/share/my_amr/meshes
[0.882s] copying meshes/top_final.stl -> /home/nathan/amr_path_planning_ws/install/my_amr/share/my_amr/meshes
[0.882s] copying meshes/lidar.dae -> /home/nathan/amr_path_planning_ws/install/my_amr/share/my_amr/meshes
[0.883s] copying meshes/shaft_final.stl -> /home/nathan/amr_path_planning_ws/install/my_amr/share/my_amr/meshes
[0.883s] copying meshes/top_plate_final.stl -> /home/nathan/amr_path_planning_ws/install/my_amr/share/my_amr/meshes
[0.883s] copying meshes/lidar.stl -> /home/nathan/amr_path_planning_ws/install/my_amr/share/my_amr/meshes
[0.883s] copying meshes/shaft_final.dae -> /home/nathan/amr_path_planning_ws/install/my_amr/share/my_amr/meshes
[0.883s] copying meshes/assem.stl -> /home/nathan/amr_path_planning_ws/install/my_amr/share/my_amr/meshes
[0.885s] copying meshes/Base_final.dae -> /home/nathan/amr_path_planning_ws/install/my_amr/share/my_amr/meshes
[0.885s] copying meshes/Base_final.stl -> /home/nathan/amr_path_planning_ws/install/my_amr/share/my_amr/meshes
[0.885s] copying meshes/outer_final.stl -> /home/nathan/amr_path_planning_ws/install/my_amr/share/my_amr/meshes
[0.886s] copying meshes/kinect.stl -> /home/nathan/amr_path_planning_ws/install/my_amr/share/my_amr/meshes
[0.886s] copying meshes/top_plate_final.dae -> /home/nathan/amr_path_planning_ws/install/my_amr/share/my_amr/meshes
[0.886s] copying meshes/outer_final.dae -> /home/nathan/amr_path_planning_ws/install/my_amr/share/my_amr/meshes
[0.887s] creating /home/nathan/amr_path_planning_ws/install/my_amr/share/my_amr/worlds
[0.887s] running install_egg_info
[0.888s] removing '/home/nathan/amr_path_planning_ws/install/my_amr/lib/python3.10/site-packages/my_amr-0.0.0-py3.10.egg-info' (and everything under it)
[0.888s] Copying ../../build/my_amr/my_amr.egg-info to /home/nathan/amr_path_planning_ws/install/my_amr/lib/python3.10/site-packages/my_amr-0.0.0-py3.10.egg-info
[0.889s] running install_scripts
[0.905s] Installing driving_amr script to /home/nathan/amr_path_planning_ws/install/my_amr/lib/my_amr
[0.905s] writing list of installed files to '/home/nathan/amr_path_planning_ws/build/my_amr/install.log'
[0.921s] Invoked command in '/home/nathan/amr_path_planning_ws/src/my_amr' returned '0': PYTHONPATH=/home/nathan/amr_path_planning_ws/build/my_amr/prefix_override:/home/nathan/amr_path_planning_ws/install/my_amr/lib/python3.10/site-packages:${PYTHONPATH} /usr/bin/python3 setup.py egg_info --egg-base ../../build/my_amr build --build-base /home/nathan/amr_path_planning_ws/build/my_amr/build install --record /home/nathan/amr_path_planning_ws/build/my_amr/install.log --single-version-externally-managed
