-- Install configuration: ""
-- Up-to-date: /home/nathan/amr_path_planning_ws/install/amr_description/share/amr_description/launch
-- Up-to-date: /home/nathan/amr_path_planning_ws/install/amr_description/share/amr_description/launch/gazebo.launch.py
-- Up-to-date: /home/nathan/amr_path_planning_ws/install/amr_description/share/amr_description/launch/display.launch.py
-- Up-to-date: /home/nathan/amr_path_planning_ws/install/amr_description/share/amr_description/meshes
-- Up-to-date: /home/nathan/amr_path_planning_ws/install/amr_description/share/amr_description/meshes/top_final.dae
-- Up-to-date: /home/nathan/amr_path_planning_ws/install/amr_description/share/amr_description/meshes/assem copy.stl
-- Up-to-date: /home/nathan/amr_path_planning_ws/install/amr_description/share/amr_description/meshes/inner_final.dae
-- Up-to-date: /home/nathan/amr_path_planning_ws/install/amr_description/share/amr_description/meshes/base_final.stl
-- Up-to-date: /home/nathan/amr_path_planning_ws/install/amr_description/share/amr_description/meshes/kinect.dae
-- Up-to-date: /home/nathan/amr_path_planning_ws/install/amr_description/share/amr_description/meshes/inner_final.stl
-- Up-to-date: /home/nathan/amr_path_planning_ws/install/amr_description/share/amr_description/meshes/top_final.stl
-- Up-to-date: /home/nathan/amr_path_planning_ws/install/amr_description/share/amr_description/meshes/lidar.dae
-- Up-to-date: /home/nathan/amr_path_planning_ws/install/amr_description/share/amr_description/meshes/shaft_final.stl
-- Up-to-date: /home/nathan/amr_path_planning_ws/install/amr_description/share/amr_description/meshes/top_plate_final.stl
-- Up-to-date: /home/nathan/amr_path_planning_ws/install/amr_description/share/amr_description/meshes/lidar.stl
-- Up-to-date: /home/nathan/amr_path_planning_ws/install/amr_description/share/amr_description/meshes/shaft_final.dae
-- Up-to-date: /home/nathan/amr_path_planning_ws/install/amr_description/share/amr_description/meshes/assem.stl
-- Up-to-date: /home/nathan/amr_path_planning_ws/install/amr_description/share/amr_description/meshes/Base_final.dae
-- Up-to-date: /home/nathan/amr_path_planning_ws/install/amr_description/share/amr_description/meshes/Base_final.stl
-- Up-to-date: /home/nathan/amr_path_planning_ws/install/amr_description/share/amr_description/meshes/outer_final.stl
-- Up-to-date: /home/nathan/amr_path_planning_ws/install/amr_description/share/amr_description/meshes/kinect.stl
-- Up-to-date: /home/nathan/amr_path_planning_ws/install/amr_description/share/amr_description/meshes/top_plate_final.dae
-- Up-to-date: /home/nathan/amr_path_planning_ws/install/amr_description/share/amr_description/meshes/outer_final.dae
-- Up-to-date: /home/nathan/amr_path_planning_ws/install/amr_description/share/amr_description/urdf
-- Up-to-date: /home/nathan/amr_path_planning_ws/install/amr_description/share/amr_description/urdf/amr_gazebo.xacro
-- Up-to-date: /home/nathan/amr_path_planning_ws/install/amr_description/share/amr_description/urdf/amr_ros2_control.xacro
-- Up-to-date: /home/nathan/amr_path_planning_ws/install/amr_description/share/amr_description/urdf/amr.urdf.xacro
-- Installing: /home/nathan/amr_path_planning_ws/install/amr_description/share/amr_description/rviz
-- Installing: /home/nathan/amr_path_planning_ws/install/amr_description/share/amr_description/rviz/display.rviz
-- Installing: /home/nathan/amr_path_planning_ws/install/amr_description/share/ament_index/resource_index/package_run_dependencies/amr_description
-- Installing: /home/nathan/amr_path_planning_ws/install/amr_description/share/ament_index/resource_index/parent_prefix_path/amr_description
-- Installing: /home/nathan/amr_path_planning_ws/install/amr_description/share/amr_description/environment/ament_prefix_path.sh
-- Installing: /home/nathan/amr_path_planning_ws/install/amr_description/share/amr_description/environment/ament_prefix_path.dsv
-- Installing: /home/nathan/amr_path_planning_ws/install/amr_description/share/amr_description/environment/path.sh
-- Installing: /home/nathan/amr_path_planning_ws/install/amr_description/share/amr_description/environment/path.dsv
-- Installing: /home/nathan/amr_path_planning_ws/install/amr_description/share/amr_description/local_setup.bash
-- Installing: /home/nathan/amr_path_planning_ws/install/amr_description/share/amr_description/local_setup.sh
-- Installing: /home/nathan/amr_path_planning_ws/install/amr_description/share/amr_description/local_setup.zsh
-- Installing: /home/nathan/amr_path_planning_ws/install/amr_description/share/amr_description/local_setup.dsv
-- Up-to-date: /home/nathan/amr_path_planning_ws/install/amr_description/share/amr_description/package.dsv
-- Installing: /home/nathan/amr_path_planning_ws/install/amr_description/share/ament_index/resource_index/packages/amr_description
-- Installing: /home/nathan/amr_path_planning_ws/install/amr_description/share/amr_description/cmake/amr_descriptionConfig.cmake
-- Installing: /home/nathan/amr_path_planning_ws/install/amr_description/share/amr_description/cmake/amr_descriptionConfig-version.cmake
-- Installing: /home/nathan/amr_path_planning_ws/install/amr_description/share/amr_description/package.xml
