[0.934s] Invoking command in '/home/nathan/amr_path_planning_ws/src/my_amr': PYTHONPATH=/home/nathan/amr_path_planning_ws/build/my_amr/prefix_override:/home/nathan/amr_path_planning_ws/install/my_amr/lib/python3.10/site-packages:${PYTHONPATH} /usr/bin/python3 setup.py egg_info --egg-base ../../build/my_amr build --build-base /home/nathan/amr_path_planning_ws/build/my_amr/build install --record /home/nathan/amr_path_planning_ws/build/my_amr/install.log --single-version-externally-managed
[1.204s] running egg_info
[1.204s] writing ../../build/my_amr/my_amr.egg-info/PKG-INFO
[1.204s] writing dependency_links to ../../build/my_amr/my_amr.egg-info/dependency_links.txt
[1.205s] writing entry points to ../../build/my_amr/my_amr.egg-info/entry_points.txt
[1.205s] writing requirements to ../../build/my_amr/my_amr.egg-info/requires.txt
[1.205s] writing top-level names to ../../build/my_amr/my_amr.egg-info/top_level.txt
[1.206s] reading manifest file '../../build/my_amr/my_amr.egg-info/SOURCES.txt'
[1.207s] writing manifest file '../../build/my_amr/my_amr.egg-info/SOURCES.txt'
[1.207s] running build
[1.207s] running build_py
[1.207s] copying my_amr/driving_node.py -> /home/nathan/amr_path_planning_ws/build/my_amr/build/lib/my_amr
[1.209s] copying my_amr/__init__.py -> /home/nathan/amr_path_planning_ws/build/my_amr/build/lib/my_amr
[1.209s] running install
[1.209s] running install_lib
[1.210s] copying /home/nathan/amr_path_planning_ws/build/my_amr/build/lib/my_amr/driving_node.py -> /home/nathan/amr_path_planning_ws/install/my_amr/lib/python3.10/site-packages/my_amr
[1.210s] copying /home/nathan/amr_path_planning_ws/build/my_amr/build/lib/my_amr/__init__.py -> /home/nathan/amr_path_planning_ws/install/my_amr/lib/python3.10/site-packages/my_amr
[1.210s] byte-compiling /home/nathan/amr_path_planning_ws/install/my_amr/lib/python3.10/site-packages/my_amr/driving_node.py to driving_node.cpython-310.pyc
[1.211s] byte-compiling /home/nathan/amr_path_planning_ws/install/my_amr/lib/python3.10/site-packages/my_amr/__init__.py to __init__.cpython-310.pyc
[1.211s] running install_data
[1.211s] copying resource/my_amr -> /home/nathan/amr_path_planning_ws/install/my_amr/share/ament_index/resource_index/packages
[1.212s] copying package.xml -> /home/nathan/amr_path_planning_ws/install/my_amr/share/my_amr
[1.212s] copying launch/start_world.launch.py -> /home/nathan/amr_path_planning_ws/install/my_amr/share/my_amr/launch
[1.212s] copying launch/spawn_robot_description.launch.py -> /home/nathan/amr_path_planning_ws/install/my_amr/share/my_amr/launch
[1.212s] copying launch/display.launch.py -> /home/nathan/amr_path_planning_ws/install/my_amr/share/my_amr/launch
[1.212s] copying urdf/amr.urdf -> /home/nathan/amr_path_planning_ws/install/my_amr/share/my_amr/urdf
[1.212s] copying meshes/top_final.dae -> /home/nathan/amr_path_planning_ws/install/my_amr/share/my_amr/meshes
[1.212s] copying meshes/assem copy.stl -> /home/nathan/amr_path_planning_ws/install/my_amr/share/my_amr/meshes
[1.214s] copying meshes/inner_final.dae -> /home/nathan/amr_path_planning_ws/install/my_amr/share/my_amr/meshes
[1.215s] copying meshes/base_final.stl -> /home/nathan/amr_path_planning_ws/install/my_amr/share/my_amr/meshes
[1.215s] copying meshes/kinect.dae -> /home/nathan/amr_path_planning_ws/install/my_amr/share/my_amr/meshes
[1.215s] copying meshes/inner_final.stl -> /home/nathan/amr_path_planning_ws/install/my_amr/share/my_amr/meshes
[1.216s] copying meshes/top_final.stl -> /home/nathan/amr_path_planning_ws/install/my_amr/share/my_amr/meshes
[1.216s] copying meshes/lidar.dae -> /home/nathan/amr_path_planning_ws/install/my_amr/share/my_amr/meshes
[1.216s] copying meshes/shaft_final.stl -> /home/nathan/amr_path_planning_ws/install/my_amr/share/my_amr/meshes
[1.216s] copying meshes/top_plate_final.stl -> /home/nathan/amr_path_planning_ws/install/my_amr/share/my_amr/meshes
[1.216s] copying meshes/lidar.stl -> /home/nathan/amr_path_planning_ws/install/my_amr/share/my_amr/meshes
[1.217s] copying meshes/shaft_final.dae -> /home/nathan/amr_path_planning_ws/install/my_amr/share/my_amr/meshes
[1.217s] copying meshes/assem.stl -> /home/nathan/amr_path_planning_ws/install/my_amr/share/my_amr/meshes
[1.219s] copying meshes/Base_final.dae -> /home/nathan/amr_path_planning_ws/install/my_amr/share/my_amr/meshes
[1.219s] copying meshes/Base_final.stl -> /home/nathan/amr_path_planning_ws/install/my_amr/share/my_amr/meshes
[1.219s] copying meshes/outer_final.stl -> /home/nathan/amr_path_planning_ws/install/my_amr/share/my_amr/meshes
[1.219s] copying meshes/kinect.stl -> /home/nathan/amr_path_planning_ws/install/my_amr/share/my_amr/meshes
[1.219s] copying meshes/top_plate_final.dae -> /home/nathan/amr_path_planning_ws/install/my_amr/share/my_amr/meshes
[1.220s] copying meshes/outer_final.dae -> /home/nathan/amr_path_planning_ws/install/my_amr/share/my_amr/meshes
[1.220s] running install_egg_info
[1.222s] removing '/home/nathan/amr_path_planning_ws/install/my_amr/lib/python3.10/site-packages/my_amr-0.0.0-py3.10.egg-info' (and everything under it)
[1.222s] Copying ../../build/my_amr/my_amr.egg-info to /home/nathan/amr_path_planning_ws/install/my_amr/lib/python3.10/site-packages/my_amr-0.0.0-py3.10.egg-info
[1.223s] running install_scripts
[1.238s] Installing driving_amr script to /home/nathan/amr_path_planning_ws/install/my_amr/lib/my_amr
[1.238s] writing list of installed files to '/home/nathan/amr_path_planning_ws/build/my_amr/install.log'
[1.255s] Invoked command in '/home/nathan/amr_path_planning_ws/src/my_amr' returned '0': PYTHONPATH=/home/nathan/amr_path_planning_ws/build/my_amr/prefix_override:/home/nathan/amr_path_planning_ws/install/my_amr/lib/python3.10/site-packages:${PYTHONPATH} /usr/bin/python3 setup.py egg_info --egg-base ../../build/my_amr build --build-base /home/nathan/amr_path_planning_ws/build/my_amr/build install --record /home/nathan/amr_path_planning_ws/build/my_amr/install.log --single-version-externally-managed
