[1.061s] DEBUG:colcon:Command line arguments: ['/usr/bin/colcon', 'build']
[1.061s] DEBUG:colcon:Parsed command line arguments: Namespace(log_base=None, log_level=None, verb_name='build', build_base='build', install_base='install', merge_install=False, symlink_install=False, test_result_base=None, continue_on_error=False, executor='parallel', parallel_workers=12, event_handlers=None, ignore_user_meta=False, metas=['./colcon.meta'], base_paths=['.'], packages_ignore=None, packages_ignore_regex=None, paths=None, packages_up_to=None, packages_up_to_regex=None, packages_above=None, packages_above_and_dependencies=None, packages_above_depth=None, packages_select_by_dep=None, packages_skip_by_dep=None, packages_skip_up_to=None, packages_select_build_failed=False, packages_skip_build_finished=False, packages_select_test_failures=False, packages_skip_test_passed=False, packages_select=None, packages_skip=None, packages_select_regex=None, packages_skip_regex=None, packages_start=None, packages_end=None, allow_overriding=[], cmake_args=None, cmake_target=None, cmake_target_skip_unavailable=False, cmake_clean_cache=False, cmake_clean_first=False, cmake_force_configure=False, ament_cmake_args=None, catkin_cmake_args=None, catkin_skip_building_tests=False, verb_parser=<colcon_defaults.argument_parser.defaults.DefaultArgumentsDecorator object at 0x7efdbc9b3460>, verb_extension=<colcon_core.verb.build.BuildVerb object at 0x7efdbcc85a80>, main=<bound method BuildVerb.main of <colcon_core.verb.build.BuildVerb object at 0x7efdbcc85a80>>)
[1.106s] Level 1:colcon.colcon_core.package_discovery:discover_packages(colcon_meta) check parameters
[1.106s] Level 1:colcon.colcon_core.package_discovery:discover_packages(recursive) check parameters
[1.106s] Level 1:colcon.colcon_core.package_discovery:discover_packages(ignore) check parameters
[1.106s] Level 1:colcon.colcon_core.package_discovery:discover_packages(path) check parameters
[1.106s] Level 1:colcon.colcon_core.package_discovery:discover_packages(colcon_meta) discover
[1.106s] Level 1:colcon.colcon_core.package_discovery:discover_packages(recursive) discover
[1.106s] INFO:colcon.colcon_core.package_discovery:Crawling recursively for packages in '/home/nathan/amr_path_planning_ws'
[1.107s] Level 1:colcon.colcon_core.package_identification:_identify(.) by extensions ['ignore', 'ignore_ament_install']
[1.107s] Level 1:colcon.colcon_core.package_identification:_identify(.) by extension 'ignore'
[1.107s] Level 1:colcon.colcon_core.package_identification:_identify(.) by extension 'ignore_ament_install'
[1.107s] Level 1:colcon.colcon_core.package_identification:_identify(.) by extensions ['colcon_pkg']
[1.107s] Level 1:colcon.colcon_core.package_identification:_identify(.) by extension 'colcon_pkg'
[1.107s] Level 1:colcon.colcon_core.package_identification:_identify(.) by extensions ['colcon_meta']
[1.107s] Level 1:colcon.colcon_core.package_identification:_identify(.) by extension 'colcon_meta'
[1.107s] Level 1:colcon.colcon_core.package_identification:_identify(.) by extensions ['ros']
[1.107s] Level 1:colcon.colcon_core.package_identification:_identify(.) by extension 'ros'
[1.117s] Level 1:colcon.colcon_core.package_identification:_identify(.) by extensions ['cmake', 'python']
[1.117s] Level 1:colcon.colcon_core.package_identification:_identify(.) by extension 'cmake'
[1.117s] Level 1:colcon.colcon_core.package_identification:_identify(.) by extension 'python'
[1.117s] Level 1:colcon.colcon_core.package_identification:_identify(.) by extensions ['python_setup_py']
[1.117s] Level 1:colcon.colcon_core.package_identification:_identify(.) by extension 'python_setup_py'
[1.117s] Level 1:colcon.colcon_core.package_identification:_identify(build) by extensions ['ignore', 'ignore_ament_install']
[1.117s] Level 1:colcon.colcon_core.package_identification:_identify(build) by extension 'ignore'
[1.117s] Level 1:colcon.colcon_core.package_identification:_identify(build) ignored
[1.117s] Level 1:colcon.colcon_core.package_identification:_identify(install) by extensions ['ignore', 'ignore_ament_install']
[1.117s] Level 1:colcon.colcon_core.package_identification:_identify(install) by extension 'ignore'
[1.117s] Level 1:colcon.colcon_core.package_identification:_identify(install) ignored
[1.118s] Level 1:colcon.colcon_core.package_identification:_identify(log) by extensions ['ignore', 'ignore_ament_install']
[1.118s] Level 1:colcon.colcon_core.package_identification:_identify(log) by extension 'ignore'
[1.118s] Level 1:colcon.colcon_core.package_identification:_identify(log) ignored
[1.118s] Level 1:colcon.colcon_core.package_identification:_identify(src) by extensions ['ignore', 'ignore_ament_install']
[1.118s] Level 1:colcon.colcon_core.package_identification:_identify(src) by extension 'ignore'
[1.118s] Level 1:colcon.colcon_core.package_identification:_identify(src) by extension 'ignore_ament_install'
[1.118s] Level 1:colcon.colcon_core.package_identification:_identify(src) by extensions ['colcon_pkg']
[1.118s] Level 1:colcon.colcon_core.package_identification:_identify(src) by extension 'colcon_pkg'
[1.118s] Level 1:colcon.colcon_core.package_identification:_identify(src) by extensions ['colcon_meta']
[1.118s] Level 1:colcon.colcon_core.package_identification:_identify(src) by extension 'colcon_meta'
[1.118s] Level 1:colcon.colcon_core.package_identification:_identify(src) by extensions ['ros']
[1.118s] Level 1:colcon.colcon_core.package_identification:_identify(src) by extension 'ros'
[1.118s] Level 1:colcon.colcon_core.package_identification:_identify(src) by extensions ['cmake', 'python']
[1.118s] Level 1:colcon.colcon_core.package_identification:_identify(src) by extension 'cmake'
[1.118s] Level 1:colcon.colcon_core.package_identification:_identify(src) by extension 'python'
[1.118s] Level 1:colcon.colcon_core.package_identification:_identify(src) by extensions ['python_setup_py']
[1.118s] Level 1:colcon.colcon_core.package_identification:_identify(src) by extension 'python_setup_py'
[1.118s] Level 1:colcon.colcon_core.package_identification:_identify(src/amr_controller) by extensions ['ignore', 'ignore_ament_install']
[1.118s] Level 1:colcon.colcon_core.package_identification:_identify(src/amr_controller) by extension 'ignore'
[1.119s] Level 1:colcon.colcon_core.package_identification:_identify(src/amr_controller) by extension 'ignore_ament_install'
[1.119s] Level 1:colcon.colcon_core.package_identification:_identify(src/amr_controller) by extensions ['colcon_pkg']
[1.119s] Level 1:colcon.colcon_core.package_identification:_identify(src/amr_controller) by extension 'colcon_pkg'
[1.119s] Level 1:colcon.colcon_core.package_identification:_identify(src/amr_controller) by extensions ['colcon_meta']
[1.119s] Level 1:colcon.colcon_core.package_identification:_identify(src/amr_controller) by extension 'colcon_meta'
[1.119s] Level 1:colcon.colcon_core.package_identification:_identify(src/amr_controller) by extensions ['ros']
[1.119s] Level 1:colcon.colcon_core.package_identification:_identify(src/amr_controller) by extension 'ros'
[1.121s] DEBUG:colcon.colcon_core.package_identification:Package 'src/amr_controller' with type 'ros.ament_cmake' and name 'amr_controller'
[1.121s] Level 1:colcon.colcon_core.package_identification:_identify(src/amr_description) by extensions ['ignore', 'ignore_ament_install']
[1.121s] Level 1:colcon.colcon_core.package_identification:_identify(src/amr_description) by extension 'ignore'
[1.121s] Level 1:colcon.colcon_core.package_identification:_identify(src/amr_description) by extension 'ignore_ament_install'
[1.121s] Level 1:colcon.colcon_core.package_identification:_identify(src/amr_description) by extensions ['colcon_pkg']
[1.122s] Level 1:colcon.colcon_core.package_identification:_identify(src/amr_description) by extension 'colcon_pkg'
[1.122s] Level 1:colcon.colcon_core.package_identification:_identify(src/amr_description) by extensions ['colcon_meta']
[1.122s] Level 1:colcon.colcon_core.package_identification:_identify(src/amr_description) by extension 'colcon_meta'
[1.122s] Level 1:colcon.colcon_core.package_identification:_identify(src/amr_description) by extensions ['ros']
[1.122s] Level 1:colcon.colcon_core.package_identification:_identify(src/amr_description) by extension 'ros'
[1.122s] DEBUG:colcon.colcon_core.package_identification:Package 'src/amr_description' with type 'ros.ament_cmake' and name 'amr_description'
[1.122s] Level 1:colcon.colcon_core.package_discovery:discover_packages(recursive) using defaults
[1.122s] Level 1:colcon.colcon_core.package_discovery:discover_packages(ignore) discover
[1.122s] Level 1:colcon.colcon_core.package_discovery:discover_packages(ignore) using defaults
[1.122s] Level 1:colcon.colcon_core.package_discovery:discover_packages(path) discover
[1.122s] Level 1:colcon.colcon_core.package_discovery:discover_packages(path) using defaults
[1.217s] Level 1:colcon.colcon_core.package_discovery:discover_packages(prefix_path) check parameters
[1.217s] Level 1:colcon.colcon_core.package_discovery:discover_packages(prefix_path) discover
[1.250s] DEBUG:colcon.colcon_installed_package_information.package_discovery:Found 2 installed packages in /home/nathan/amr_ws/install
[1.271s] DEBUG:colcon.colcon_installed_package_information.package_discovery:Found 16 installed packages in /home/nathan/path_planning_ws/install
[1.287s] DEBUG:colcon.colcon_installed_package_information.package_discovery:Found 315 installed packages in /opt/ros/humble
[1.289s] Level 1:colcon.colcon_core.package_discovery:discover_packages(prefix_path) using defaults
[1.382s] Level 5:colcon.colcon_core.verb:set package 'amr_controller' build argument 'cmake_args' from command line to 'None'
[1.382s] Level 5:colcon.colcon_core.verb:set package 'amr_controller' build argument 'cmake_target' from command line to 'None'
[1.382s] Level 5:colcon.colcon_core.verb:set package 'amr_controller' build argument 'cmake_target_skip_unavailable' from command line to 'False'
[1.382s] Level 5:colcon.colcon_core.verb:set package 'amr_controller' build argument 'cmake_clean_cache' from command line to 'False'
[1.382s] Level 5:colcon.colcon_core.verb:set package 'amr_controller' build argument 'cmake_clean_first' from command line to 'False'
[1.382s] Level 5:colcon.colcon_core.verb:set package 'amr_controller' build argument 'cmake_force_configure' from command line to 'False'
[1.382s] Level 5:colcon.colcon_core.verb:set package 'amr_controller' build argument 'ament_cmake_args' from command line to 'None'
[1.382s] Level 5:colcon.colcon_core.verb:set package 'amr_controller' build argument 'catkin_cmake_args' from command line to 'None'
[1.382s] Level 5:colcon.colcon_core.verb:set package 'amr_controller' build argument 'catkin_skip_building_tests' from command line to 'False'
[1.382s] DEBUG:colcon.colcon_core.verb:Building package 'amr_controller' with the following arguments: {'ament_cmake_args': None, 'build_base': '/home/nathan/amr_path_planning_ws/build/amr_controller', 'catkin_cmake_args': None, 'catkin_skip_building_tests': False, 'cmake_args': None, 'cmake_clean_cache': False, 'cmake_clean_first': False, 'cmake_force_configure': False, 'cmake_target': None, 'cmake_target_skip_unavailable': False, 'install_base': '/home/nathan/amr_path_planning_ws/install/amr_controller', 'merge_install': False, 'path': '/home/nathan/amr_path_planning_ws/src/amr_controller', 'symlink_install': False, 'test_result_base': None}
[1.397s] Level 5:colcon.colcon_core.verb:set package 'amr_description' build argument 'cmake_args' from command line to 'None'
[1.397s] Level 5:colcon.colcon_core.verb:set package 'amr_description' build argument 'cmake_target' from command line to 'None'
[1.397s] Level 5:colcon.colcon_core.verb:set package 'amr_description' build argument 'cmake_target_skip_unavailable' from command line to 'False'
[1.398s] Level 5:colcon.colcon_core.verb:set package 'amr_description' build argument 'cmake_clean_cache' from command line to 'False'
[1.398s] Level 5:colcon.colcon_core.verb:set package 'amr_description' build argument 'cmake_clean_first' from command line to 'False'
[1.398s] Level 5:colcon.colcon_core.verb:set package 'amr_description' build argument 'cmake_force_configure' from command line to 'False'
[1.398s] Level 5:colcon.colcon_core.verb:set package 'amr_description' build argument 'ament_cmake_args' from command line to 'None'
[1.398s] Level 5:colcon.colcon_core.verb:set package 'amr_description' build argument 'catkin_cmake_args' from command line to 'None'
[1.398s] Level 5:colcon.colcon_core.verb:set package 'amr_description' build argument 'catkin_skip_building_tests' from command line to 'False'
[1.398s] DEBUG:colcon.colcon_core.verb:Building package 'amr_description' with the following arguments: {'ament_cmake_args': None, 'build_base': '/home/nathan/amr_path_planning_ws/build/amr_description', 'catkin_cmake_args': None, 'catkin_skip_building_tests': False, 'cmake_args': None, 'cmake_clean_cache': False, 'cmake_clean_first': False, 'cmake_force_configure': False, 'cmake_target': None, 'cmake_target_skip_unavailable': False, 'install_base': '/home/nathan/amr_path_planning_ws/install/amr_description', 'merge_install': False, 'path': '/home/nathan/amr_path_planning_ws/src/amr_description', 'symlink_install': False, 'test_result_base': None}
[1.413s] INFO:colcon.colcon_core.executor:Executing jobs using 'parallel' executor
[1.429s] DEBUG:colcon.colcon_parallel_executor.executor.parallel:run_until_complete
[1.429s] INFO:colcon.colcon_ros.task.ament_cmake.build:Building ROS package in '/home/nathan/amr_path_planning_ws/src/amr_controller' with build type 'ament_cmake'
[1.429s] INFO:colcon.colcon_cmake.task.cmake.build:Building CMake package in '/home/nathan/amr_path_planning_ws/src/amr_controller'
[1.446s] INFO:colcon.colcon_core.plugin_system:Skipping extension 'colcon_core.shell.bat': Not used on non-Windows systems
[1.446s] INFO:colcon.colcon_core.shell:Skip shell extension 'powershell' for command environment: Not usable outside of PowerShell
[1.446s] DEBUG:colcon.colcon_core.shell:Skip shell extension 'dsv' for command environment
[1.511s] INFO:colcon.colcon_ros.task.ament_cmake.build:Building ROS package in '/home/nathan/amr_path_planning_ws/src/amr_description' with build type 'ament_cmake'
[1.511s] INFO:colcon.colcon_cmake.task.cmake.build:Building CMake package in '/home/nathan/amr_path_planning_ws/src/amr_description'
[1.527s] INFO:colcon.colcon_core.shell:Skip shell extension 'powershell' for command environment: Not usable outside of PowerShell
[1.527s] DEBUG:colcon.colcon_core.shell:Skip shell extension 'dsv' for command environment
[1.595s] DEBUG:colcon.colcon_core.event_handler.log_command:Invoking command in '/home/nathan/amr_path_planning_ws/build/amr_controller': CMAKE_PREFIX_PATH=${CMAKE_PREFIX_PATH}:/home/nathan/path_planning_ws/install/maze_bot:/opt/ros/humble /usr/bin/cmake --build /home/nathan/amr_path_planning_ws/build/amr_controller -- -j12 -l12
[1.599s] DEBUG:colcon.colcon_core.event_handler.log_command:Invoking command in '/home/nathan/amr_path_planning_ws/build/amr_description': CMAKE_PREFIX_PATH=${CMAKE_PREFIX_PATH}:/home/nathan/path_planning_ws/install/maze_bot:/opt/ros/humble /usr/bin/cmake --build /home/nathan/amr_path_planning_ws/build/amr_description -- -j12 -l12
[1.623s] DEBUG:colcon.colcon_core.event_handler.log_command:Invoked command in '/home/nathan/amr_path_planning_ws/build/amr_description' returned '0': CMAKE_PREFIX_PATH=${CMAKE_PREFIX_PATH}:/home/nathan/path_planning_ws/install/maze_bot:/opt/ros/humble /usr/bin/cmake --build /home/nathan/amr_path_planning_ws/build/amr_description -- -j12 -l12
[1.643s] DEBUG:colcon.colcon_core.event_handler.log_command:Invoking command in '/home/nathan/amr_path_planning_ws/build/amr_description': CMAKE_PREFIX_PATH=${CMAKE_PREFIX_PATH}:/home/nathan/path_planning_ws/install/maze_bot:/opt/ros/humble /usr/bin/cmake --install /home/nathan/amr_path_planning_ws/build/amr_description
[1.644s] DEBUG:colcon.colcon_core.event_handler.log_command:Invoked command in '/home/nathan/amr_path_planning_ws/build/amr_controller' returned '0': CMAKE_PREFIX_PATH=${CMAKE_PREFIX_PATH}:/home/nathan/path_planning_ws/install/maze_bot:/opt/ros/humble /usr/bin/cmake --build /home/nathan/amr_path_planning_ws/build/amr_controller -- -j12 -l12
[1.651s] Level 1:colcon.colcon_core.environment:create_environment_scripts_only(amr_description)
[1.654s] DEBUG:colcon.colcon_core.event_handler.log_command:Invoked command in '/home/nathan/amr_path_planning_ws/build/amr_description' returned '0': CMAKE_PREFIX_PATH=${CMAKE_PREFIX_PATH}:/home/nathan/path_planning_ws/install/maze_bot:/opt/ros/humble /usr/bin/cmake --install /home/nathan/amr_path_planning_ws/build/amr_description
[1.671s] Level 1:colcon.colcon_core.environment:checking '/home/nathan/amr_path_planning_ws/install/amr_description' for CMake module files
[1.672s] Level 1:colcon.colcon_core.environment:checking '/home/nathan/amr_path_planning_ws/install/amr_description' for CMake config files
[1.672s] Level 1:colcon.colcon_core.shell:create_environment_hook('amr_description', 'cmake_prefix_path')
[1.688s] INFO:colcon.colcon_core.shell:Creating environment hook '/home/nathan/amr_path_planning_ws/install/amr_description/share/amr_description/hook/cmake_prefix_path.ps1'
[1.688s] INFO:colcon.colcon_core.shell:Creating environment descriptor '/home/nathan/amr_path_planning_ws/install/amr_description/share/amr_description/hook/cmake_prefix_path.dsv'
[1.689s] INFO:colcon.colcon_core.shell:Creating environment hook '/home/nathan/amr_path_planning_ws/install/amr_description/share/amr_description/hook/cmake_prefix_path.sh'
[1.689s] Level 1:colcon.colcon_core.environment:checking '/home/nathan/amr_path_planning_ws/install/amr_description/bin'
[1.689s] Level 1:colcon.colcon_core.environment:checking '/home/nathan/amr_path_planning_ws/install/amr_description/lib/pkgconfig/amr_description.pc'
[1.690s] Level 1:colcon.colcon_core.environment:checking '/home/nathan/amr_path_planning_ws/install/amr_description/lib/python3.10/site-packages'
[1.690s] Level 1:colcon.colcon_core.environment:checking '/home/nathan/amr_path_planning_ws/install/amr_description/bin'
[1.706s] INFO:colcon.colcon_core.shell:Creating package script '/home/nathan/amr_path_planning_ws/install/amr_description/share/amr_description/package.ps1'
[1.706s] INFO:colcon.colcon_core.shell:Creating package descriptor '/home/nathan/amr_path_planning_ws/install/amr_description/share/amr_description/package.dsv'
[1.707s] INFO:colcon.colcon_core.shell:Creating package script '/home/nathan/amr_path_planning_ws/install/amr_description/share/amr_description/package.sh'
[1.707s] INFO:colcon.colcon_core.shell:Creating package script '/home/nathan/amr_path_planning_ws/install/amr_description/share/amr_description/package.bash'
[1.708s] INFO:colcon.colcon_core.shell:Creating package script '/home/nathan/amr_path_planning_ws/install/amr_description/share/amr_description/package.zsh'
[1.709s] Level 1:colcon.colcon_core.environment:create_file_with_runtime_dependencies(/home/nathan/amr_path_planning_ws/install/amr_description/share/colcon-core/packages/amr_description)
[1.711s] DEBUG:colcon.colcon_core.event_handler.log_command:Invoking command in '/home/nathan/amr_path_planning_ws/build/amr_controller': CMAKE_PREFIX_PATH=${CMAKE_PREFIX_PATH}:/home/nathan/path_planning_ws/install/maze_bot:/opt/ros/humble /usr/bin/cmake --install /home/nathan/amr_path_planning_ws/build/amr_controller
[1.718s] Level 1:colcon.colcon_core.environment:create_environment_scripts_only(amr_controller)
[1.720s] DEBUG:colcon.colcon_core.event_handler.log_command:Invoked command in '/home/nathan/amr_path_planning_ws/build/amr_controller' returned '0': CMAKE_PREFIX_PATH=${CMAKE_PREFIX_PATH}:/home/nathan/path_planning_ws/install/maze_bot:/opt/ros/humble /usr/bin/cmake --install /home/nathan/amr_path_planning_ws/build/amr_controller
[1.736s] Level 1:colcon.colcon_core.environment:checking '/home/nathan/amr_path_planning_ws/install/amr_controller' for CMake module files
[1.736s] Level 1:colcon.colcon_core.environment:checking '/home/nathan/amr_path_planning_ws/install/amr_controller' for CMake config files
[1.737s] Level 1:colcon.colcon_core.shell:create_environment_hook('amr_controller', 'cmake_prefix_path')
[1.753s] INFO:colcon.colcon_core.shell:Creating environment hook '/home/nathan/amr_path_planning_ws/install/amr_controller/share/amr_controller/hook/cmake_prefix_path.ps1'
[1.753s] INFO:colcon.colcon_core.shell:Creating environment descriptor '/home/nathan/amr_path_planning_ws/install/amr_controller/share/amr_controller/hook/cmake_prefix_path.dsv'
[1.753s] INFO:colcon.colcon_core.shell:Creating environment hook '/home/nathan/amr_path_planning_ws/install/amr_controller/share/amr_controller/hook/cmake_prefix_path.sh'
[1.754s] Level 1:colcon.colcon_core.environment:checking '/home/nathan/amr_path_planning_ws/install/amr_controller/lib'
[1.754s] Level 1:colcon.colcon_core.environment:checking '/home/nathan/amr_path_planning_ws/install/amr_controller/bin'
[1.754s] Level 1:colcon.colcon_core.environment:checking '/home/nathan/amr_path_planning_ws/install/amr_controller/lib/pkgconfig/amr_controller.pc'
[1.754s] Level 1:colcon.colcon_core.environment:checking '/home/nathan/amr_path_planning_ws/install/amr_controller/lib/python3.10/site-packages'
[1.755s] Level 1:colcon.colcon_core.environment:checking '/home/nathan/amr_path_planning_ws/install/amr_controller/bin'
[1.771s] INFO:colcon.colcon_core.shell:Creating package script '/home/nathan/amr_path_planning_ws/install/amr_controller/share/amr_controller/package.ps1'
[1.771s] INFO:colcon.colcon_core.shell:Creating package descriptor '/home/nathan/amr_path_planning_ws/install/amr_controller/share/amr_controller/package.dsv'
[1.771s] INFO:colcon.colcon_core.shell:Creating package script '/home/nathan/amr_path_planning_ws/install/amr_controller/share/amr_controller/package.sh'
[1.772s] INFO:colcon.colcon_core.shell:Creating package script '/home/nathan/amr_path_planning_ws/install/amr_controller/share/amr_controller/package.bash'
[1.772s] INFO:colcon.colcon_core.shell:Creating package script '/home/nathan/amr_path_planning_ws/install/amr_controller/share/amr_controller/package.zsh'
[1.772s] Level 1:colcon.colcon_core.environment:create_file_with_runtime_dependencies(/home/nathan/amr_path_planning_ws/install/amr_controller/share/colcon-core/packages/amr_controller)
[1.789s] Level 1:colcon.colcon_core.environment:create_environment_scripts_only(amr_description)
[1.806s] Level 1:colcon.colcon_core.environment:checking '/home/nathan/amr_path_planning_ws/install/amr_description' for CMake module files
[1.806s] Level 1:colcon.colcon_core.environment:checking '/home/nathan/amr_path_planning_ws/install/amr_description' for CMake config files
[1.806s] Level 1:colcon.colcon_core.shell:create_environment_hook('amr_description', 'cmake_prefix_path')
[1.823s] INFO:colcon.colcon_core.shell:Creating environment hook '/home/nathan/amr_path_planning_ws/install/amr_description/share/amr_description/hook/cmake_prefix_path.ps1'
[1.823s] INFO:colcon.colcon_core.shell:Creating environment descriptor '/home/nathan/amr_path_planning_ws/install/amr_description/share/amr_description/hook/cmake_prefix_path.dsv'
[1.823s] INFO:colcon.colcon_core.shell:Creating environment hook '/home/nathan/amr_path_planning_ws/install/amr_description/share/amr_description/hook/cmake_prefix_path.sh'
[1.824s] Level 1:colcon.colcon_core.environment:checking '/home/nathan/amr_path_planning_ws/install/amr_description/bin'
[1.824s] Level 1:colcon.colcon_core.environment:checking '/home/nathan/amr_path_planning_ws/install/amr_description/lib/pkgconfig/amr_description.pc'
[1.824s] Level 1:colcon.colcon_core.environment:checking '/home/nathan/amr_path_planning_ws/install/amr_description/lib/python3.10/site-packages'
[1.824s] Level 1:colcon.colcon_core.environment:checking '/home/nathan/amr_path_planning_ws/install/amr_description/bin'
[1.841s] INFO:colcon.colcon_core.shell:Creating package script '/home/nathan/amr_path_planning_ws/install/amr_description/share/amr_description/package.ps1'
[1.841s] INFO:colcon.colcon_core.shell:Creating package descriptor '/home/nathan/amr_path_planning_ws/install/amr_description/share/amr_description/package.dsv'
[1.841s] INFO:colcon.colcon_core.shell:Creating package script '/home/nathan/amr_path_planning_ws/install/amr_description/share/amr_description/package.sh'
[1.842s] INFO:colcon.colcon_core.shell:Creating package script '/home/nathan/amr_path_planning_ws/install/amr_description/share/amr_description/package.bash'
[1.842s] INFO:colcon.colcon_core.shell:Creating package script '/home/nathan/amr_path_planning_ws/install/amr_description/share/amr_description/package.zsh'
[1.842s] Level 1:colcon.colcon_core.environment:create_file_with_runtime_dependencies(/home/nathan/amr_path_planning_ws/install/amr_description/share/colcon-core/packages/amr_description)
[1.859s] Level 1:colcon.colcon_core.environment:create_environment_scripts_only(amr_controller)
[1.874s] Level 1:colcon.colcon_core.environment:checking '/home/nathan/amr_path_planning_ws/install/amr_controller' for CMake module files
[1.874s] Level 1:colcon.colcon_core.environment:checking '/home/nathan/amr_path_planning_ws/install/amr_controller' for CMake config files
[1.874s] Level 1:colcon.colcon_core.shell:create_environment_hook('amr_controller', 'cmake_prefix_path')
[1.889s] INFO:colcon.colcon_core.shell:Creating environment hook '/home/nathan/amr_path_planning_ws/install/amr_controller/share/amr_controller/hook/cmake_prefix_path.ps1'
[1.890s] INFO:colcon.colcon_core.shell:Creating environment descriptor '/home/nathan/amr_path_planning_ws/install/amr_controller/share/amr_controller/hook/cmake_prefix_path.dsv'
[1.890s] INFO:colcon.colcon_core.shell:Creating environment hook '/home/nathan/amr_path_planning_ws/install/amr_controller/share/amr_controller/hook/cmake_prefix_path.sh'
[1.890s] Level 1:colcon.colcon_core.environment:checking '/home/nathan/amr_path_planning_ws/install/amr_controller/lib'
[1.890s] Level 1:colcon.colcon_core.environment:checking '/home/nathan/amr_path_planning_ws/install/amr_controller/bin'
[1.890s] Level 1:colcon.colcon_core.environment:checking '/home/nathan/amr_path_planning_ws/install/amr_controller/lib/pkgconfig/amr_controller.pc'
[1.891s] Level 1:colcon.colcon_core.environment:checking '/home/nathan/amr_path_planning_ws/install/amr_controller/lib/python3.10/site-packages'
[1.891s] Level 1:colcon.colcon_core.environment:checking '/home/nathan/amr_path_planning_ws/install/amr_controller/bin'
[1.906s] INFO:colcon.colcon_core.shell:Creating package script '/home/nathan/amr_path_planning_ws/install/amr_controller/share/amr_controller/package.ps1'
[1.907s] INFO:colcon.colcon_core.shell:Creating package descriptor '/home/nathan/amr_path_planning_ws/install/amr_controller/share/amr_controller/package.dsv'
[1.907s] INFO:colcon.colcon_core.shell:Creating package script '/home/nathan/amr_path_planning_ws/install/amr_controller/share/amr_controller/package.sh'
[1.907s] INFO:colcon.colcon_core.shell:Creating package script '/home/nathan/amr_path_planning_ws/install/amr_controller/share/amr_controller/package.bash'
[1.908s] INFO:colcon.colcon_core.shell:Creating package script '/home/nathan/amr_path_planning_ws/install/amr_controller/share/amr_controller/package.zsh'
[1.908s] Level 1:colcon.colcon_core.environment:create_file_with_runtime_dependencies(/home/nathan/amr_path_planning_ws/install/amr_controller/share/colcon-core/packages/amr_controller)
[1.908s] DEBUG:colcon.colcon_parallel_executor.executor.parallel:closing loop
[1.908s] DEBUG:colcon.colcon_parallel_executor.executor.parallel:loop closed
[1.908s] DEBUG:colcon.colcon_parallel_executor.executor.parallel:run_until_complete finished with '0'
[1.908s] DEBUG:colcon.colcon_core.event_reactor:joining thread
[1.927s] INFO:colcon.colcon_core.plugin_system:Skipping extension 'colcon_notification.desktop_notification.terminal_notifier': Not used on non-Darwin systems
[1.928s] INFO:colcon.colcon_core.plugin_system:Skipping extension 'colcon_notification.desktop_notification.win32': Not used on non-Windows systems
[1.928s] INFO:colcon.colcon_notification.desktop_notification:Sending desktop notification using 'notify2'
[1.939s] DEBUG:colcon.colcon_core.event_reactor:joined thread
[1.955s] INFO:colcon.colcon_core.shell:Creating prefix script '/home/nathan/amr_path_planning_ws/install/local_setup.ps1'
[1.956s] INFO:colcon.colcon_core.shell:Creating prefix util module '/home/nathan/amr_path_planning_ws/install/_local_setup_util_ps1.py'
[1.957s] INFO:colcon.colcon_core.shell:Creating prefix chain script '/home/nathan/amr_path_planning_ws/install/setup.ps1'
[1.974s] INFO:colcon.colcon_core.shell:Creating prefix script '/home/nathan/amr_path_planning_ws/install/local_setup.sh'
[1.975s] INFO:colcon.colcon_core.shell:Creating prefix util module '/home/nathan/amr_path_planning_ws/install/_local_setup_util_sh.py'
[1.975s] INFO:colcon.colcon_core.shell:Creating prefix chain script '/home/nathan/amr_path_planning_ws/install/setup.sh'
[1.992s] INFO:colcon.colcon_core.shell:Creating prefix script '/home/nathan/amr_path_planning_ws/install/local_setup.bash'
[1.992s] INFO:colcon.colcon_core.shell:Creating prefix chain script '/home/nathan/amr_path_planning_ws/install/setup.bash'
[2.009s] INFO:colcon.colcon_core.shell:Creating prefix script '/home/nathan/amr_path_planning_ws/install/local_setup.zsh'
[2.009s] INFO:colcon.colcon_core.shell:Creating prefix chain script '/home/nathan/amr_path_planning_ws/install/setup.zsh'
