-- Install configuration: ""
-- Up-to-date: /home/nathan/amr_path_planning_ws/install/amr_description/share/amr_description/launch
-- Up-to-date: /home/nathan/amr_path_planning_ws/install/amr_description/share/amr_description/launch/log
-- Up-to-date: /home/nathan/amr_path_planning_ws/install/amr_description/share/amr_description/launch/log/build_2024-02-06_21-37-29
-- Up-to-date: /home/nathan/amr_path_planning_ws/install/amr_description/share/amr_description/launch/log/build_2024-02-06_21-37-29/events.log
-- Up-to-date: /home/nathan/amr_path_planning_ws/install/amr_description/share/amr_description/launch/log/build_2024-02-06_21-37-29/logger_all.log
-- Up-to-date: /home/nathan/amr_path_planning_ws/install/amr_description/share/amr_description/launch/log/latest
-- Up-to-date: /home/nathan/amr_path_planning_ws/install/amr_description/share/amr_description/launch/log/latest_build
-- Up-to-date: /home/nathan/amr_path_planning_ws/install/amr_description/share/amr_description/launch/log/COLCON_IGNORE
-- Up-to-date: /home/nathan/amr_path_planning_ws/install/amr_description/share/amr_description/launch/__pycache__
-- Up-to-date: /home/nathan/amr_path_planning_ws/install/amr_description/share/amr_description/launch/__pycache__/display.launch.cpython-310.pyc
-- Up-to-date: /home/nathan/amr_path_planning_ws/install/amr_description/share/amr_description/launch/install
-- Up-to-date: /home/nathan/amr_path_planning_ws/install/amr_description/share/amr_description/launch/install/_local_setup_util_sh.py
-- Up-to-date: /home/nathan/amr_path_planning_ws/install/amr_description/share/amr_description/launch/install/_local_setup_util_ps1.py
-- Up-to-date: /home/nathan/amr_path_planning_ws/install/amr_description/share/amr_description/launch/install/local_setup.bash
-- Up-to-date: /home/nathan/amr_path_planning_ws/install/amr_description/share/amr_description/launch/install/setup.bash
-- Up-to-date: /home/nathan/amr_path_planning_ws/install/amr_description/share/amr_description/launch/install/setup.zsh
-- Up-to-date: /home/nathan/amr_path_planning_ws/install/amr_description/share/amr_description/launch/install/local_setup.ps1
-- Up-to-date: /home/nathan/amr_path_planning_ws/install/amr_description/share/amr_description/launch/install/local_setup.sh
-- Up-to-date: /home/nathan/amr_path_planning_ws/install/amr_description/share/amr_description/launch/install/local_setup.zsh
-- Up-to-date: /home/nathan/amr_path_planning_ws/install/amr_description/share/amr_description/launch/install/setup.ps1
-- Up-to-date: /home/nathan/amr_path_planning_ws/install/amr_description/share/amr_description/launch/install/.colcon_install_layout
-- Up-to-date: /home/nathan/amr_path_planning_ws/install/amr_description/share/amr_description/launch/install/setup.sh
-- Up-to-date: /home/nathan/amr_path_planning_ws/install/amr_description/share/amr_description/launch/install/COLCON_IGNORE
-- Up-to-date: /home/nathan/amr_path_planning_ws/install/amr_description/share/amr_description/launch/build
-- Up-to-date: /home/nathan/amr_path_planning_ws/install/amr_description/share/amr_description/launch/build/COLCON_IGNORE
-- Up-to-date: /home/nathan/amr_path_planning_ws/install/amr_description/share/amr_description/launch/build/.built_by
-- Up-to-date: /home/nathan/amr_path_planning_ws/install/amr_description/share/amr_description/launch/gazebo.launch.py
-- Up-to-date: /home/nathan/amr_path_planning_ws/install/amr_description/share/amr_description/launch/display.launch.py
-- Up-to-date: /home/nathan/amr_path_planning_ws/install/amr_description/share/amr_description/meshes
-- Up-to-date: /home/nathan/amr_path_planning_ws/install/amr_description/share/amr_description/meshes/top_final.dae
-- Up-to-date: /home/nathan/amr_path_planning_ws/install/amr_description/share/amr_description/meshes/assem copy.stl
-- Up-to-date: /home/nathan/amr_path_planning_ws/install/amr_description/share/amr_description/meshes/inner_final.dae
-- Up-to-date: /home/nathan/amr_path_planning_ws/install/amr_description/share/amr_description/meshes/base_final.stl
-- Up-to-date: /home/nathan/amr_path_planning_ws/install/amr_description/share/amr_description/meshes/kinect.dae
-- Up-to-date: /home/nathan/amr_path_planning_ws/install/amr_description/share/amr_description/meshes/inner_final.stl
-- Up-to-date: /home/nathan/amr_path_planning_ws/install/amr_description/share/amr_description/meshes/top_final.stl
-- Up-to-date: /home/nathan/amr_path_planning_ws/install/amr_description/share/amr_description/meshes/lidar.dae
-- Up-to-date: /home/nathan/amr_path_planning_ws/install/amr_description/share/amr_description/meshes/shaft_final.stl
-- Up-to-date: /home/nathan/amr_path_planning_ws/install/amr_description/share/amr_description/meshes/top_plate_final.stl
-- Up-to-date: /home/nathan/amr_path_planning_ws/install/amr_description/share/amr_description/meshes/lidar.stl
-- Up-to-date: /home/nathan/amr_path_planning_ws/install/amr_description/share/amr_description/meshes/shaft_final.dae
-- Up-to-date: /home/nathan/amr_path_planning_ws/install/amr_description/share/amr_description/meshes/assem.stl
-- Up-to-date: /home/nathan/amr_path_planning_ws/install/amr_description/share/amr_description/meshes/Base_final.dae
-- Up-to-date: /home/nathan/amr_path_planning_ws/install/amr_description/share/amr_description/meshes/Base_final.stl
-- Up-to-date: /home/nathan/amr_path_planning_ws/install/amr_description/share/amr_description/meshes/outer_final.stl
-- Up-to-date: /home/nathan/amr_path_planning_ws/install/amr_description/share/amr_description/meshes/kinect.stl
-- Up-to-date: /home/nathan/amr_path_planning_ws/install/amr_description/share/amr_description/meshes/top_plate_final.dae
-- Up-to-date: /home/nathan/amr_path_planning_ws/install/amr_description/share/amr_description/meshes/outer_final.dae
-- Up-to-date: /home/nathan/amr_path_planning_ws/install/amr_description/share/amr_description/urdf
-- Up-to-date: /home/nathan/amr_path_planning_ws/install/amr_description/share/amr_description/urdf/amr_gazebo.xacro
-- Up-to-date: /home/nathan/amr_path_planning_ws/install/amr_description/share/amr_description/urdf/amr_ros2_control.xacro
-- Up-to-date: /home/nathan/amr_path_planning_ws/install/amr_description/share/amr_description/urdf/amr.urdf.xacro
-- Up-to-date: /home/nathan/amr_path_planning_ws/install/amr_description/share/amr_description/rviz
-- Up-to-date: /home/nathan/amr_path_planning_ws/install/amr_description/share/amr_description/rviz/display.rviz
-- Up-to-date: /home/nathan/amr_path_planning_ws/install/amr_description/share/ament_index/resource_index/package_run_dependencies/amr_description
-- Up-to-date: /home/nathan/amr_path_planning_ws/install/amr_description/share/ament_index/resource_index/parent_prefix_path/amr_description
-- Up-to-date: /home/nathan/amr_path_planning_ws/install/amr_description/share/amr_description/environment/ament_prefix_path.sh
-- Up-to-date: /home/nathan/amr_path_planning_ws/install/amr_description/share/amr_description/environment/ament_prefix_path.dsv
-- Up-to-date: /home/nathan/amr_path_planning_ws/install/amr_description/share/amr_description/environment/path.sh
-- Up-to-date: /home/nathan/amr_path_planning_ws/install/amr_description/share/amr_description/environment/path.dsv
-- Up-to-date: /home/nathan/amr_path_planning_ws/install/amr_description/share/amr_description/local_setup.bash
-- Up-to-date: /home/nathan/amr_path_planning_ws/install/amr_description/share/amr_description/local_setup.sh
-- Up-to-date: /home/nathan/amr_path_planning_ws/install/amr_description/share/amr_description/local_setup.zsh
-- Up-to-date: /home/nathan/amr_path_planning_ws/install/amr_description/share/amr_description/local_setup.dsv
-- Installing: /home/nathan/amr_path_planning_ws/install/amr_description/share/amr_description/package.dsv
-- Up-to-date: /home/nathan/amr_path_planning_ws/install/amr_description/share/ament_index/resource_index/packages/amr_description
-- Up-to-date: /home/nathan/amr_path_planning_ws/install/amr_description/share/amr_description/cmake/amr_descriptionConfig.cmake
-- Up-to-date: /home/nathan/amr_path_planning_ws/install/amr_description/share/amr_description/cmake/amr_descriptionConfig-version.cmake
-- Up-to-date: /home/nathan/amr_path_planning_ws/install/amr_description/share/amr_description/package.xml
