[0.227s] Invoking command in '/home/nathan/amr_path_planning_ws/build/amr_controller': CMAKE_PREFIX_PATH=${CMAKE_PREFIX_PATH}:/home/nathan/amr_path_planning_ws/install/my_amr:/home/nathan/path_planning_ws/install/maze_bot:/opt/ros/humble /usr/bin/cmake /home/nathan/amr_path_planning_ws/src/amr_controller -DCMAKE_INSTALL_PREFIX=/home/nathan/amr_path_planning_ws/install/amr_controller
[0.275s] -- The C compiler identification is GNU 11.4.0
[0.329s] -- The CXX compiler identification is GNU 11.4.0
[0.336s] -- Detecting C compiler ABI info
[0.397s] -- Detecting C compiler ABI info - done
[0.405s] -- Check for working C compiler: /usr/bin/cc - skipped
[0.405s] -- Detecting C compile features
[0.406s] -- Detecting C compile features - done
[0.410s] -- Detecting CXX compiler ABI info
[0.482s] -- Detecting CXX compiler ABI info - done
[0.491s] -- Check for working CXX compiler: /usr/bin/c++ - skipped
[0.491s] -- Detecting CXX compile features
[0.492s] -- Detecting CXX compile features - done
[0.494s] -- Found ament_cmake: 1.3.6 (/opt/ros/humble/share/ament_cmake/cmake)
[0.676s] -- Found Python3: /usr/bin/python3.10 (found version "3.10.12") found components: Interpreter 
[0.840s] -- Configuring done
[0.842s] -- Generating done
[0.843s] -- Build files have been written to: /home/nathan/amr_path_planning_ws/build/amr_controller
[0.847s] Invoked command in '/home/nathan/amr_path_planning_ws/build/amr_controller' returned '0': CMAKE_PREFIX_PATH=${CMAKE_PREFIX_PATH}:/home/nathan/amr_path_planning_ws/install/my_amr:/home/nathan/path_planning_ws/install/maze_bot:/opt/ros/humble /usr/bin/cmake /home/nathan/amr_path_planning_ws/src/amr_controller -DCMAKE_INSTALL_PREFIX=/home/nathan/amr_path_planning_ws/install/amr_controller
[0.848s] Invoking command in '/home/nathan/amr_path_planning_ws/build/amr_controller': CMAKE_PREFIX_PATH=${CMAKE_PREFIX_PATH}:/home/nathan/amr_path_planning_ws/install/my_amr:/home/nathan/path_planning_ws/install/maze_bot:/opt/ros/humble /usr/bin/cmake --build /home/nathan/amr_path_planning_ws/build/amr_controller -- -j12 -l12
[0.879s] Invoked command in '/home/nathan/amr_path_planning_ws/build/amr_controller' returned '0': CMAKE_PREFIX_PATH=${CMAKE_PREFIX_PATH}:/home/nathan/amr_path_planning_ws/install/my_amr:/home/nathan/path_planning_ws/install/maze_bot:/opt/ros/humble /usr/bin/cmake --build /home/nathan/amr_path_planning_ws/build/amr_controller -- -j12 -l12
[0.898s] Invoking command in '/home/nathan/amr_path_planning_ws/build/amr_controller': CMAKE_PREFIX_PATH=${CMAKE_PREFIX_PATH}:/home/nathan/amr_path_planning_ws/install/my_amr:/home/nathan/path_planning_ws/install/maze_bot:/opt/ros/humble /usr/bin/cmake --install /home/nathan/amr_path_planning_ws/build/amr_controller
[0.905s] -- Install configuration: ""
[0.905s] -- Installing: /home/nathan/amr_path_planning_ws/install/amr_controller/share/amr_controller/launch
[0.905s] -- Installing: /home/nathan/amr_path_planning_ws/install/amr_controller/share/amr_controller/launch/controller.launch.py
[0.905s] -- Installing: /home/nathan/amr_path_planning_ws/install/amr_controller/share/amr_controller/config
[0.905s] -- Installing: /home/nathan/amr_path_planning_ws/install/amr_controller/share/amr_controller/config/amr_controllers.yaml
[0.905s] -- Installing: /home/nathan/amr_path_planning_ws/install/amr_controller/share/ament_index/resource_index/package_run_dependencies/amr_controller
[0.905s] -- Installing: /home/nathan/amr_path_planning_ws/install/amr_controller/share/ament_index/resource_index/parent_prefix_path/amr_controller
[0.906s] -- Installing: /home/nathan/amr_path_planning_ws/install/amr_controller/share/amr_controller/environment/ament_prefix_path.sh
[0.906s] -- Installing: /home/nathan/amr_path_planning_ws/install/amr_controller/share/amr_controller/environment/ament_prefix_path.dsv
[0.906s] -- Installing: /home/nathan/amr_path_planning_ws/install/amr_controller/share/amr_controller/environment/path.sh
[0.906s] -- Installing: /home/nathan/amr_path_planning_ws/install/amr_controller/share/amr_controller/environment/path.dsv
[0.906s] -- Installing: /home/nathan/amr_path_planning_ws/install/amr_controller/share/amr_controller/local_setup.bash
[0.906s] -- Installing: /home/nathan/amr_path_planning_ws/install/amr_controller/share/amr_controller/local_setup.sh
[0.906s] -- Installing: /home/nathan/amr_path_planning_ws/install/amr_controller/share/amr_controller/local_setup.zsh
[0.906s] -- Installing: /home/nathan/amr_path_planning_ws/install/amr_controller/share/amr_controller/local_setup.dsv
[0.907s] -- Installing: /home/nathan/amr_path_planning_ws/install/amr_controller/share/amr_controller/package.dsv
[0.907s] -- Installing: /home/nathan/amr_path_planning_ws/install/amr_controller/share/ament_index/resource_index/packages/amr_controller
[0.907s] -- Installing: /home/nathan/amr_path_planning_ws/install/amr_controller/share/amr_controller/cmake/amr_controllerConfig.cmake
[0.907s] -- Installing: /home/nathan/amr_path_planning_ws/install/amr_controller/share/amr_controller/cmake/amr_controllerConfig-version.cmake
[0.907s] -- Installing: /home/nathan/amr_path_planning_ws/install/amr_controller/share/amr_controller/package.xml
[0.908s] Invoked command in '/home/nathan/amr_path_planning_ws/build/amr_controller' returned '0': CMAKE_PREFIX_PATH=${CMAKE_PREFIX_PATH}:/home/nathan/amr_path_planning_ws/install/my_amr:/home/nathan/path_planning_ws/install/maze_bot:/opt/ros/humble /usr/bin/cmake --install /home/nathan/amr_path_planning_ws/build/amr_controller
