[0.321s] Invoking command in '/home/nathan/amr_path_planning_ws/build/amr_controller': CMAKE_PREFIX_PATH=${CMAKE_PREFIX_PATH}:/home/nathan/path_planning_ws/install/maze_bot:/opt/ros/humble PS1=(my_ros_env_py310) \[\e]0;\u@\h: \w\a\]${debian_chroot:+($debian_chroot)}\[\033[01;32m\]\u@\h\[\033[00m\]:\[\033[01;34m\]\w\[\033[00m\]\$ VIRTUAL_ENV_PROMPT=(my_ros_env_py310) /usr/bin/cmake --build /home/nathan/amr_path_planning_ws/build/amr_controller -- -j12 -l12
[0.363s] [100%] Built target simple_controller
[0.725s] Invoked command in '/home/nathan/amr_path_planning_ws/build/amr_controller' returned '0': CMAKE_PREFIX_PATH=${CMAKE_PREFIX_PATH}:/home/nathan/path_planning_ws/install/maze_bot:/opt/ros/humble PS1=(my_ros_env_py310) \[\e]0;\u@\h: \w\a\]${debian_chroot:+($debian_chroot)}\[\033[01;32m\]\u@\h\[\033[00m\]:\[\033[01;34m\]\w\[\033[00m\]\$ VIRTUAL_ENV_PROMPT=(my_ros_env_py310) /usr/bin/cmake --build /home/nathan/amr_path_planning_ws/build/amr_controller -- -j12 -l12
[0.748s] Invoking command in '/home/nathan/amr_path_planning_ws/build/amr_controller': CMAKE_PREFIX_PATH=${CMAKE_PREFIX_PATH}:/home/nathan/path_planning_ws/install/maze_bot:/opt/ros/humble PS1=(my_ros_env_py310) \[\e]0;\u@\h: \w\a\]${debian_chroot:+($debian_chroot)}\[\033[01;32m\]\u@\h\[\033[00m\]:\[\033[01;34m\]\w\[\033[00m\]\$ VIRTUAL_ENV_PROMPT=(my_ros_env_py310) /usr/bin/cmake --install /home/nathan/amr_path_planning_ws/build/amr_controller
[0.758s] -- Install configuration: ""
[0.758s] -- Up-to-date: /home/nathan/amr_path_planning_ws/install/amr_controller/include/include
[0.758s] -- Up-to-date: /home/nathan/amr_path_planning_ws/install/amr_controller/include/include/amr_controller
[0.758s] -- Up-to-date: /home/nathan/amr_path_planning_ws/install/amr_controller/include/include/amr_controller/simple_controller.hpp
[0.758s] -- Up-to-date: /home/nathan/amr_path_planning_ws/install/amr_controller/lib/amr_controller/simple_controller
[0.758s] -- Up-to-date: /home/nathan/amr_path_planning_ws/install/amr_controller/share/amr_controller/launch
[0.758s] -- Up-to-date: /home/nathan/amr_path_planning_ws/install/amr_controller/share/amr_controller/launch/controller.launch.py
[0.758s] -- Up-to-date: /home/nathan/amr_path_planning_ws/install/amr_controller/share/amr_controller/config
[0.758s] -- Up-to-date: /home/nathan/amr_path_planning_ws/install/amr_controller/share/amr_controller/config/amr_controllers.yaml
[0.758s] -- Up-to-date: /home/nathan/amr_path_planning_ws/install/amr_controller/share/amr_controller/config/joy_config.yaml
[0.759s] -- Up-to-date: /home/nathan/amr_path_planning_ws/install/amr_controller/share/amr_controller/config/joy_teleop.yaml
[0.759s] -- Up-to-date: /home/nathan/amr_path_planning_ws/install/amr_controller/share/ament_index/resource_index/package_run_dependencies/amr_controller
[0.759s] -- Up-to-date: /home/nathan/amr_path_planning_ws/install/amr_controller/share/ament_index/resource_index/parent_prefix_path/amr_controller
[0.759s] -- Up-to-date: /home/nathan/amr_path_planning_ws/install/amr_controller/share/amr_controller/environment/ament_prefix_path.sh
[0.759s] -- Up-to-date: /home/nathan/amr_path_planning_ws/install/amr_controller/share/amr_controller/environment/ament_prefix_path.dsv
[0.759s] -- Up-to-date: /home/nathan/amr_path_planning_ws/install/amr_controller/share/amr_controller/environment/path.sh
[0.759s] -- Up-to-date: /home/nathan/amr_path_planning_ws/install/amr_controller/share/amr_controller/environment/path.dsv
[0.759s] -- Up-to-date: /home/nathan/amr_path_planning_ws/install/amr_controller/share/amr_controller/local_setup.bash
[0.759s] -- Up-to-date: /home/nathan/amr_path_planning_ws/install/amr_controller/share/amr_controller/local_setup.sh
[0.759s] -- Up-to-date: /home/nathan/amr_path_planning_ws/install/amr_controller/share/amr_controller/local_setup.zsh
[0.759s] -- Up-to-date: /home/nathan/amr_path_planning_ws/install/amr_controller/share/amr_controller/local_setup.dsv
[0.759s] -- Installing: /home/nathan/amr_path_planning_ws/install/amr_controller/share/amr_controller/package.dsv
[0.759s] -- Up-to-date: /home/nathan/amr_path_planning_ws/install/amr_controller/share/ament_index/resource_index/packages/amr_controller
[0.759s] -- Up-to-date: /home/nathan/amr_path_planning_ws/install/amr_controller/share/amr_controller/cmake/amr_controllerConfig.cmake
[0.759s] -- Up-to-date: /home/nathan/amr_path_planning_ws/install/amr_controller/share/amr_controller/cmake/amr_controllerConfig-version.cmake
[0.759s] -- Up-to-date: /home/nathan/amr_path_planning_ws/install/amr_controller/share/amr_controller/package.xml
[0.828s] Invoked command in '/home/nathan/amr_path_planning_ws/build/amr_controller' returned '0': CMAKE_PREFIX_PATH=${CMAKE_PREFIX_PATH}:/home/nathan/path_planning_ws/install/maze_bot:/opt/ros/humble PS1=(my_ros_env_py310) \[\e]0;\u@\h: \w\a\]${debian_chroot:+($debian_chroot)}\[\033[01;32m\]\u@\h\[\033[00m\]:\[\033[01;34m\]\w\[\033[00m\]\$ VIRTUAL_ENV_PROMPT=(my_ros_env_py310) /usr/bin/cmake --install /home/nathan/amr_path_planning_ws/build/amr_controller
